{"D:\\Kuliah\\Akademik\\Semester 6\\Pemrograman Web\\Tugas Besar\\uas-pemrograman-web-122140122\\frontend\\src\\App.jsx": {"path":"D:\\Kuliah\\Akademik\\Semester 6\\Pemrograman Web\\Tugas Besar\\uas-pemrograman-web-122140122\\frontend\\src\\App.jsx","statementMap":{"0":{"start":{"line":15,"column":14},"end":{"line":22,"column":2}},"1":{"start":{"line":25,"column":19},"end":{"line":25,"column":56}},"2":{"start":{"line":25,"column":41},"end":{"line":25,"column":55}},"3":{"start":{"line":27,"column":2},"end":{"line":30,"column":17}},"4":{"start":{"line":29,"column":4},"end":{"line":29,"column":15}},"5":{"start":{"line":32,"column":2},"end":{"line":84,"column":4}}},"fnMap":{"0":{"name":"App","decl":{"start":{"line":24,"column":9},"end":{"line":24,"column":12}},"loc":{"start":{"line":24,"column":15},"end":{"line":85,"column":1}},"line":24},"1":{"name":"(anonymous_1)","decl":{"start":{"line":25,"column":32},"end":{"line":25,"column":33}},"loc":{"start":{"line":25,"column":41},"end":{"line":25,"column":55}},"line":25},"2":{"name":"(anonymous_2)","decl":{"start":{"line":27,"column":12},"end":{"line":27,"column":13}},"loc":{"start":{"line":27,"column":18},"end":{"line":30,"column":3}},"line":27}},"branchMap":{},"s":{"0":0,"1":0,"2":0,"3":0,"4":0,"5":0},"f":{"0":0,"1":0,"2":0},"b":{}}
,"D:\\Kuliah\\Akademik\\Semester 6\\Pemrograman Web\\Tugas Besar\\uas-pemrograman-web-122140122\\frontend\\src\\components\\AuthCheck.jsx": {"path":"D:\\Kuliah\\Akademik\\Semester 6\\Pemrograman Web\\Tugas Besar\\uas-pemrograman-web-122140122\\frontend\\src\\components\\AuthCheck.jsx","statementMap":{"0":{"start":{"line":9,"column":18},"end":{"line":24,"column":1}},"1":{"start":{"line":10,"column":41},"end":{"line":10,"column":55}},"2":{"start":{"line":11,"column":19},"end":{"line":11,"column":32}},"3":{"start":{"line":13,"column":2},"end":{"line":16,"column":18}},"4":{"start":{"line":15,"column":4},"end":{"line":15,"column":16}},"5":{"start":{"line":18,"column":2},"end":{"line":21,"column":3}},"6":{"start":{"line":20,"column":4},"end":{"line":20,"column":80}},"7":{"start":{"line":23,"column":2},"end":{"line":23,"column":18}}},"fnMap":{"0":{"name":"(anonymous_0)","decl":{"start":{"line":9,"column":18},"end":{"line":9,"column":19}},"loc":{"start":{"line":9,"column":36},"end":{"line":24,"column":1}},"line":9},"1":{"name":"(anonymous_1)","decl":{"start":{"line":13,"column":12},"end":{"line":13,"column":13}},"loc":{"start":{"line":13,"column":18},"end":{"line":16,"column":3}},"line":13}},"branchMap":{"0":{"loc":{"start":{"line":18,"column":2},"end":{"line":21,"column":3}},"type":"if","locations":[{"start":{"line":18,"column":2},"end":{"line":21,"column":3}},{"start":{},"end":{}}],"line":18}},"s":{"0":1,"1":3,"2":3,"3":3,"4":3,"5":3,"6":2,"7":1},"f":{"0":3,"1":3},"b":{"0":[2,1]},"_coverageSchema":"1a1c01bbd47fc00a2c39e90264f33305004495a9","hash":"7dc2c12c0a75dcb31ebabd1bf6e14d17aab2ca9d"}
,"D:\\Kuliah\\Akademik\\Semester 6\\Pemrograman Web\\Tugas Besar\\uas-pemrograman-web-122140122\\frontend\\src\\components\\Footer.jsx": {"path":"D:\\Kuliah\\Akademik\\Semester 6\\Pemrograman Web\\Tugas Besar\\uas-pemrograman-web-122140122\\frontend\\src\\components\\Footer.jsx","statementMap":{"0":{"start":{"line":3,"column":15},"end":{"line":13,"column":1}},"1":{"start":{"line":4,"column":2},"end":{"line":12,"column":4}}},"fnMap":{"0":{"name":"(anonymous_0)","decl":{"start":{"line":3,"column":15},"end":{"line":3,"column":16}},"loc":{"start":{"line":3,"column":21},"end":{"line":13,"column":1}},"line":3}},"branchMap":{},"s":{"0":1,"1":1},"f":{"0":1},"b":{},"_coverageSchema":"1a1c01bbd47fc00a2c39e90264f33305004495a9","hash":"fa2f358b302248d6f24d003a1a90cf007f53da82"}
,"D:\\Kuliah\\Akademik\\Semester 6\\Pemrograman Web\\Tugas Besar\\uas-pemrograman-web-122140122\\frontend\\src\\components\\HafalanForm.jsx": {"path":"D:\\Kuliah\\Akademik\\Semester 6\\Pemrograman Web\\Tugas Besar\\uas-pemrograman-web-122140122\\frontend\\src\\components\\HafalanForm.jsx","statementMap":{"0":{"start":{"line":9,"column":20},"end":{"line":433,"column":1}},"1":{"start":{"line":10,"column":17},"end":{"line":10,"column":28}},"2":{"start":{"line":11,"column":19},"end":{"line":11,"column":32}},"3":{"start":{"line":12,"column":25},"end":{"line":12,"column":42}},"4":{"start":{"line":13,"column":19},"end":{"line":13,"column":33}},"5":{"start":{"line":15,"column":34},"end":{"line":21,"column":4}},"6":{"start":{"line":23,"column":30},"end":{"line":23,"column":42}},"7":{"start":{"line":24,"column":32},"end":{"line":24,"column":47}},"8":{"start":{"line":25,"column":42},"end":{"line":29,"column":4}},"9":{"start":{"line":31,"column":21},"end":{"line":31,"column":32}},"10":{"start":{"line":34,"column":2},"end":{"line":89,"column":21}},"11":{"start":{"line":35,"column":33},"end":{"line":54,"column":5}},"12":{"start":{"line":36,"column":6},"end":{"line":38,"column":9}},"13":{"start":{"line":37,"column":8},"end":{"line":37,"column":25}},"14":{"start":{"line":39,"column":6},"end":{"line":53,"column":7}},"15":{"start":{"line":40,"column":23},"end":{"line":40,"column":56}},"16":{"start":{"line":41,"column":8},"end":{"line":43,"column":11}},"17":{"start":{"line":42,"column":10},"end":{"line":42,"column":33}},"18":{"start":{"line":45,"column":8},"end":{"line":45,"column":55}},"19":{"start":{"line":46,"column":8},"end":{"line":48,"column":11}},"20":{"start":{"line":47,"column":10},"end":{"line":47,"column":82}},"21":{"start":{"line":50,"column":8},"end":{"line":52,"column":11}},"22":{"start":{"line":51,"column":10},"end":{"line":51,"column":28}},"23":{"start":{"line":56,"column":4},"end":{"line":56,"column":27}},"24":{"start":{"line":59,"column":24},"end":{"line":59,"column":49}},"25":{"start":{"line":60,"column":23},"end":{"line":60,"column":47}},"26":{"start":{"line":62,"column":4},"end":{"line":88,"column":5}},"27":{"start":{"line":63,"column":6},"end":{"line":65,"column":9}},"28":{"start":{"line":64,"column":8},"end":{"line":64,"column":25}},"29":{"start":{"line":67,"column":6},"end":{"line":87,"column":11}},"30":{"start":{"line":69,"column":10},"end":{"line":75,"column":13}},"31":{"start":{"line":70,"column":12},"end":{"line":74,"column":16}},"32":{"start":{"line":70,"column":33},"end":{"line":74,"column":13}},"33":{"start":{"line":78,"column":10},"end":{"line":78,"column":64}},"34":{"start":{"line":79,"column":10},"end":{"line":81,"column":13}},"35":{"start":{"line":80,"column":12},"end":{"line":80,"column":88}},"36":{"start":{"line":84,"column":10},"end":{"line":86,"column":13}},"37":{"start":{"line":85,"column":12},"end":{"line":85,"column":30}},"38":{"start":{"line":91,"column":2},"end":{"line":123,"column":23}},"39":{"start":{"line":92,"column":4},"end":{"line":122,"column":5}},"40":{"start":{"line":93,"column":6},"end":{"line":95,"column":9}},"41":{"start":{"line":94,"column":8},"end":{"line":94,"column":25}},"42":{"start":{"line":97,"column":6},"end":{"line":121,"column":11}},"43":{"start":{"line":99,"column":71},"end":{"line":99,"column":84}},"44":{"start":{"line":100,"column":10},"end":{"line":108,"column":13}},"45":{"start":{"line":101,"column":12},"end":{"line":107,"column":15}},"46":{"start":{"line":111,"column":10},"end":{"line":111,"column":58}},"47":{"start":{"line":112,"column":10},"end":{"line":114,"column":13}},"48":{"start":{"line":113,"column":12},"end":{"line":113,"column":109}},"49":{"start":{"line":118,"column":10},"end":{"line":120,"column":13}},"50":{"start":{"line":119,"column":12},"end":{"line":119,"column":30}},"51":{"start":{"line":125,"column":23},"end":{"line":131,"column":3}},"52":{"start":{"line":126,"column":28},"end":{"line":126,"column":36}},"53":{"start":{"line":127,"column":4},"end":{"line":130,"column":8}},"54":{"start":{"line":127,"column":25},"end":{"line":130,"column":5}},"55":{"start":{"line":133,"column":23},"end":{"line":181,"column":3}},"56":{"start":{"line":134,"column":4},"end":{"line":134,"column":23}},"57":{"start":{"line":135,"column":6},"end":{"line":139,"column":5}},"58":{"start":{"line":136,"column":6},"end":{"line":136,"column":73}},"59":{"start":{"line":137,"column":6},"end":{"line":137,"column":56}},"60":{"start":{"line":138,"column":6},"end":{"line":138,"column":13}},"61":{"start":{"line":141,"column":4},"end":{"line":141,"column":21}},"62":{"start":{"line":144,"column":21},"end":{"line":144,"column":36}},"63":{"start":{"line":149,"column":4},"end":{"line":151,"column":5}},"64":{"start":{"line":150,"column":6},"end":{"line":150,"column":61}},"65":{"start":{"line":161,"column":6},"end":{"line":180,"column":5}},"66":{"start":{"line":162,"column":6},"end":{"line":170,"column":7}},"67":{"start":{"line":164,"column":8},"end":{"line":164,"column":55}},"68":{"start":{"line":165,"column":8},"end":{"line":165,"column":68}},"69":{"start":{"line":168,"column":8},"end":{"line":168,"column":67}},"70":{"start":{"line":169,"column":8},"end":{"line":169,"column":64}},"71":{"start":{"line":173,"column":6},"end":{"line":173,"column":44}},"72":{"start":{"line":173,"column":23},"end":{"line":173,"column":36}},"73":{"start":{"line":175,"column":6},"end":{"line":175,"column":56}},"74":{"start":{"line":176,"column":23},"end":{"line":176,"column":67}},"75":{"start":{"line":177,"column":6},"end":{"line":177,"column":54}},"76":{"start":{"line":179,"column":6},"end":{"line":179,"column":24}},"77":{"start":{"line":183,"column":27},"end":{"line":189,"column":3}},"78":{"start":{"line":184,"column":4},"end":{"line":188,"column":7}},"79":{"start":{"line":191,"column":34},"end":{"line":193,"column":3}},"80":{"start":{"line":192,"column":4},"end":{"line":192,"column":52}},"81":{"start":{"line":196,"column":2},"end":{"line":215,"column":3}},"82":{"start":{"line":197,"column":4},"end":{"line":214,"column":6}},"83":{"start":{"line":209,"column":25},"end":{"line":209,"column":43}},"84":{"start":{"line":217,"column":2},"end":{"line":432,"column":4}},"85":{"start":{"line":264,"column":18},"end":{"line":266,"column":29}},"86":{"start":{"line":371,"column":29},"end":{"line":371,"column":42}}},"fnMap":{"0":{"name":"(anonymous_0)","decl":{"start":{"line":9,"column":20},"end":{"line":9,"column":21}},"loc":{"start":{"line":9,"column":26},"end":{"line":433,"column":1}},"line":9},"1":{"name":"(anonymous_1)","decl":{"start":{"line":34,"column":12},"end":{"line":34,"column":13}},"loc":{"start":{"line":34,"column":18},"end":{"line":89,"column":3}},"line":34},"2":{"name":"(anonymous_2)","decl":{"start":{"line":35,"column":33},"end":{"line":35,"column":34}},"loc":{"start":{"line":35,"column":45},"end":{"line":54,"column":5}},"line":35},"3":{"name":"(anonymous_3)","decl":{"start":{"line":36,"column":10},"end":{"line":36,"column":11}},"loc":{"start":{"line":36,"column":16},"end":{"line":38,"column":7}},"line":36},"4":{"name":"(anonymous_4)","decl":{"start":{"line":41,"column":12},"end":{"line":41,"column":13}},"loc":{"start":{"line":41,"column":18},"end":{"line":43,"column":9}},"line":41},"5":{"name":"(anonymous_5)","decl":{"start":{"line":46,"column":12},"end":{"line":46,"column":13}},"loc":{"start":{"line":46,"column":18},"end":{"line":48,"column":9}},"line":46},"6":{"name":"(anonymous_6)","decl":{"start":{"line":50,"column":12},"end":{"line":50,"column":13}},"loc":{"start":{"line":50,"column":18},"end":{"line":52,"column":9}},"line":50},"7":{"name":"(anonymous_7)","decl":{"start":{"line":63,"column":10},"end":{"line":63,"column":11}},"loc":{"start":{"line":63,"column":16},"end":{"line":65,"column":7}},"line":63},"8":{"name":"(anonymous_8)","decl":{"start":{"line":68,"column":14},"end":{"line":68,"column":15}},"loc":{"start":{"line":68,"column":24},"end":{"line":76,"column":9}},"line":68},"9":{"name":"(anonymous_9)","decl":{"start":{"line":69,"column":14},"end":{"line":69,"column":15}},"loc":{"start":{"line":69,"column":20},"end":{"line":75,"column":11}},"line":69},"10":{"name":"(anonymous_10)","decl":{"start":{"line":70,"column":24},"end":{"line":70,"column":25}},"loc":{"start":{"line":70,"column":33},"end":{"line":74,"column":13}},"line":70},"11":{"name":"(anonymous_11)","decl":{"start":{"line":77,"column":15},"end":{"line":77,"column":16}},"loc":{"start":{"line":77,"column":24},"end":{"line":82,"column":9}},"line":77},"12":{"name":"(anonymous_12)","decl":{"start":{"line":79,"column":14},"end":{"line":79,"column":15}},"loc":{"start":{"line":79,"column":20},"end":{"line":81,"column":11}},"line":79},"13":{"name":"(anonymous_13)","decl":{"start":{"line":83,"column":17},"end":{"line":83,"column":18}},"loc":{"start":{"line":83,"column":23},"end":{"line":87,"column":9}},"line":83},"14":{"name":"(anonymous_14)","decl":{"start":{"line":84,"column":14},"end":{"line":84,"column":15}},"loc":{"start":{"line":84,"column":20},"end":{"line":86,"column":11}},"line":84},"15":{"name":"(anonymous_15)","decl":{"start":{"line":91,"column":12},"end":{"line":91,"column":13}},"loc":{"start":{"line":91,"column":18},"end":{"line":123,"column":3}},"line":91},"16":{"name":"(anonymous_16)","decl":{"start":{"line":93,"column":10},"end":{"line":93,"column":11}},"loc":{"start":{"line":93,"column":16},"end":{"line":95,"column":7}},"line":93},"17":{"name":"(anonymous_17)","decl":{"start":{"line":98,"column":14},"end":{"line":98,"column":15}},"loc":{"start":{"line":98,"column":26},"end":{"line":109,"column":9}},"line":98},"18":{"name":"(anonymous_18)","decl":{"start":{"line":100,"column":14},"end":{"line":100,"column":15}},"loc":{"start":{"line":100,"column":20},"end":{"line":108,"column":11}},"line":100},"19":{"name":"(anonymous_19)","decl":{"start":{"line":110,"column":15},"end":{"line":110,"column":16}},"loc":{"start":{"line":110,"column":24},"end":{"line":116,"column":9}},"line":110},"20":{"name":"(anonymous_20)","decl":{"start":{"line":112,"column":14},"end":{"line":112,"column":15}},"loc":{"start":{"line":112,"column":20},"end":{"line":114,"column":11}},"line":112},"21":{"name":"(anonymous_21)","decl":{"start":{"line":117,"column":17},"end":{"line":117,"column":18}},"loc":{"start":{"line":117,"column":23},"end":{"line":121,"column":9}},"line":117},"22":{"name":"(anonymous_22)","decl":{"start":{"line":118,"column":14},"end":{"line":118,"column":15}},"loc":{"start":{"line":118,"column":20},"end":{"line":120,"column":11}},"line":118},"23":{"name":"(anonymous_23)","decl":{"start":{"line":125,"column":23},"end":{"line":125,"column":24}},"loc":{"start":{"line":125,"column":30},"end":{"line":131,"column":3}},"line":125},"24":{"name":"(anonymous_24)","decl":{"start":{"line":127,"column":16},"end":{"line":127,"column":17}},"loc":{"start":{"line":127,"column":25},"end":{"line":130,"column":5}},"line":127},"25":{"name":"(anonymous_25)","decl":{"start":{"line":133,"column":23},"end":{"line":133,"column":24}},"loc":{"start":{"line":133,"column":36},"end":{"line":181,"column":3}},"line":133},"26":{"name":"(anonymous_26)","decl":{"start":{"line":173,"column":17},"end":{"line":173,"column":18}},"loc":{"start":{"line":173,"column":23},"end":{"line":173,"column":36}},"line":173},"27":{"name":"(anonymous_27)","decl":{"start":{"line":183,"column":27},"end":{"line":183,"column":28}},"loc":{"start":{"line":183,"column":59},"end":{"line":189,"column":3}},"line":183},"28":{"name":"(anonymous_28)","decl":{"start":{"line":191,"column":34},"end":{"line":191,"column":35}},"loc":{"start":{"line":191,"column":40},"end":{"line":193,"column":3}},"line":191},"29":{"name":"(anonymous_29)","decl":{"start":{"line":209,"column":19},"end":{"line":209,"column":20}},"loc":{"start":{"line":209,"column":25},"end":{"line":209,"column":43}},"line":209},"30":{"name":"(anonymous_30)","decl":{"start":{"line":263,"column":28},"end":{"line":263,"column":29}},"loc":{"start":{"line":264,"column":18},"end":{"line":266,"column":29}},"line":264},"31":{"name":"(anonymous_31)","decl":{"start":{"line":371,"column":23},"end":{"line":371,"column":24}},"loc":{"start":{"line":371,"column":29},"end":{"line":371,"column":42}},"line":371}},"branchMap":{"0":{"loc":{"start":{"line":62,"column":4},"end":{"line":88,"column":5}},"type":"if","locations":[{"start":{"line":62,"column":4},"end":{"line":88,"column":5}},{"start":{},"end":{}}],"line":62},"1":{"loc":{"start":{"line":62,"column":8},"end":{"line":62,"column":33}},"type":"binary-expr","locations":[{"start":{"line":62,"column":8},"end":{"line":62,"column":19}},{"start":{"line":62,"column":23},"end":{"line":62,"column":33}}],"line":62},"2":{"loc":{"start":{"line":92,"column":4},"end":{"line":122,"column":5}},"type":"if","locations":[{"start":{"line":92,"column":4},"end":{"line":122,"column":5}},{"start":{},"end":{}}],"line":92},"3":{"loc":{"start":{"line":105,"column":23},"end":{"line":105,"column":36}},"type":"binary-expr","locations":[{"start":{"line":105,"column":23},"end":{"line":105,"column":30}},{"start":{"line":105,"column":34},"end":{"line":105,"column":36}}],"line":105},"4":{"loc":{"start":{"line":113,"column":52},"end":{"line":113,"column":96}},"type":"binary-expr","locations":[{"start":{"line":113,"column":52},"end":{"line":113,"column":79}},{"start":{"line":113,"column":83},"end":{"line":113,"column":96}}],"line":113},"5":{"loc":{"start":{"line":135,"column":6},"end":{"line":139,"column":5}},"type":"if","locations":[{"start":{"line":135,"column":6},"end":{"line":139,"column":5}},{"start":{},"end":{}}],"line":135},"6":{"loc":{"start":{"line":135,"column":10},"end":{"line":135,"column":27}},"type":"binary-expr","locations":[{"start":{"line":135,"column":10},"end":{"line":135,"column":15}},{"start":{"line":135,"column":19},"end":{"line":135,"column":27}}],"line":135},"7":{"loc":{"start":{"line":149,"column":4},"end":{"line":151,"column":5}},"type":"if","locations":[{"start":{"line":149,"column":4},"end":{"line":151,"column":5}},{"start":{},"end":{}}],"line":149},"8":{"loc":{"start":{"line":149,"column":8},"end":{"line":149,"column":71}},"type":"binary-expr","locations":[{"start":{"line":149,"column":8},"end":{"line":149,"column":39}},{"start":{"line":149,"column":43},"end":{"line":149,"column":71}}],"line":149},"9":{"loc":{"start":{"line":162,"column":6},"end":{"line":170,"column":7}},"type":"if","locations":[{"start":{"line":162,"column":6},"end":{"line":170,"column":7}},{"start":{"line":166,"column":13},"end":{"line":170,"column":7}}],"line":162},"10":{"loc":{"start":{"line":176,"column":23},"end":{"line":176,"column":67}},"type":"binary-expr","locations":[{"start":{"line":176,"column":23},"end":{"line":176,"column":50}},{"start":{"line":176,"column":54},"end":{"line":176,"column":67}}],"line":176},"11":{"loc":{"start":{"line":183,"column":37},"end":{"line":183,"column":54}},"type":"default-arg","locations":[{"start":{"line":183,"column":48},"end":{"line":183,"column":54}}],"line":183},"12":{"loc":{"start":{"line":196,"column":2},"end":{"line":215,"column":3}},"type":"if","locations":[{"start":{"line":196,"column":2},"end":{"line":215,"column":3}},{"start":{},"end":{}}],"line":196},"13":{"loc":{"start":{"line":220,"column":9},"end":{"line":220,"column":60}},"type":"cond-expr","locations":[{"start":{"line":220,"column":22},"end":{"line":220,"column":36}},{"start":{"line":220,"column":39},"end":{"line":220,"column":60}}],"line":220},"14":{"loc":{"start":{"line":223,"column":7},"end":{"line":419,"column":7}},"type":"cond-expr","locations":[{"start":{"line":224,"column":8},"end":{"line":227,"column":14}},{"start":{"line":228,"column":10},"end":{"line":419,"column":7}}],"line":223},"15":{"loc":{"start":{"line":223,"column":7},"end":{"line":223,"column":47}},"type":"binary-expr","locations":[{"start":{"line":223,"column":7},"end":{"line":223,"column":14}},{"start":{"line":223,"column":18},"end":{"line":223,"column":32}},{"start":{"line":223,"column":36},"end":{"line":223,"column":47}}],"line":223},"16":{"loc":{"start":{"line":228,"column":10},"end":{"line":419,"column":7}},"type":"cond-expr","locations":[{"start":{"line":229,"column":8},"end":{"line":232,"column":14}},{"start":{"line":234,"column":8},"end":{"line":418,"column":15}}],"line":228},"17":{"loc":{"start":{"line":228,"column":10},"end":{"line":228,"column":31}},"type":"binary-expr","locations":[{"start":{"line":228,"column":10},"end":{"line":228,"column":17}},{"start":{"line":228,"column":21},"end":{"line":228,"column":31}}],"line":228},"18":{"loc":{"start":{"line":246,"column":26},"end":{"line":246,"column":51}},"type":"binary-expr","locations":[{"start":{"line":246,"column":26},"end":{"line":246,"column":33}},{"start":{"line":246,"column":37},"end":{"line":246,"column":51}}],"line":246},"19":{"loc":{"start":{"line":251,"column":25},"end":{"line":251,"column":68}},"type":"cond-expr","locations":[{"start":{"line":251,"column":47},"end":{"line":251,"column":56}},{"start":{"line":251,"column":59},"end":{"line":251,"column":68}}],"line":251},"20":{"loc":{"start":{"line":411,"column":15},"end":{"line":415,"column":15}},"type":"cond-expr","locations":[{"start":{"line":412,"column":16},"end":{"line":412,"column":72}},{"start":{"line":414,"column":16},"end":{"line":414,"column":66}}],"line":411},"21":{"loc":{"start":{"line":414,"column":16},"end":{"line":414,"column":66}},"type":"cond-expr","locations":[{"start":{"line":414,"column":29},"end":{"line":414,"column":47}},{"start":{"line":414,"column":50},"end":{"line":414,"column":66}}],"line":414}},"s":{"0":1,"1":40,"2":40,"3":40,"4":40,"5":40,"6":39,"7":39,"8":39,"9":39,"10":39,"11":7,"12":7,"13":7,"14":7,"15":7,"16":7,"17":7,"18":0,"19":0,"20":0,"21":7,"22":7,"23":7,"24":7,"25":7,"26":7,"27":1,"28":1,"29":1,"30":1,"31":1,"32":1,"33":0,"34":0,"35":0,"36":1,"37":1,"38":39,"39":7,"40":2,"41":2,"42":2,"43":2,"44":2,"45":2,"46":0,"47":0,"48":0,"49":2,"50":2,"51":39,"52":9,"53":9,"54":9,"55":39,"56":2,"57":2,"58":0,"59":0,"60":0,"61":2,"62":2,"63":2,"64":2,"65":2,"66":2,"67":1,"68":1,"69":1,"70":1,"71":2,"72":2,"73":0,"74":0,"75":0,"76":2,"77":39,"78":2,"79":39,"80":0,"81":39,"82":4,"83":0,"84":35,"85":52,"86":0},"f":{"0":40,"1":7,"2":7,"3":7,"4":7,"5":0,"6":7,"7":1,"8":1,"9":1,"10":1,"11":0,"12":0,"13":1,"14":1,"15":7,"16":2,"17":2,"18":2,"19":0,"20":0,"21":2,"22":2,"23":9,"24":9,"25":2,"26":2,"27":2,"28":0,"29":0,"30":52,"31":0},"b":{"0":[1,6],"1":[7,1],"2":[2,5],"3":[2,0],"4":[0,0],"5":[0,2],"6":[2,2],"7":[2,0],"8":[2,2],"9":[1,1],"10":[0,0],"11":[0],"12":[4,35],"13":[13,22],"14":[0,35],"15":[35,8,0],"16":[3,32],"17":[35,8],"18":[32,27],"19":[16,16],"20":[5,27],"21":[10,17]},"_coverageSchema":"1a1c01bbd47fc00a2c39e90264f33305004495a9","hash":"c6bedd00248888e224471975b6581b9d25929db6"}
,"D:\\Kuliah\\Akademik\\Semester 6\\Pemrograman Web\\Tugas Besar\\uas-pemrograman-web-122140122\\frontend\\src\\components\\Layout.jsx": {"path":"D:\\Kuliah\\Akademik\\Semester 6\\Pemrograman Web\\Tugas Besar\\uas-pemrograman-web-122140122\\frontend\\src\\components\\Layout.jsx","statementMap":{"0":{"start":{"line":7,"column":17},"end":{"line":22,"column":1}},"1":{"start":{"line":8,"column":2},"end":{"line":21,"column":8}},"2":{"start":{"line":23,"column":21},"end":{"line":38,"column":1}},"3":{"start":{"line":24,"column":2},"end":{"line":37,"column":8}},"4":{"start":{"line":39,"column":21},"end":{"line":54,"column":1}},"5":{"start":{"line":40,"column":2},"end":{"line":53,"column":8}},"6":{"start":{"line":55,"column":21},"end":{"line":70,"column":1}},"7":{"start":{"line":56,"column":2},"end":{"line":69,"column":8}},"8":{"start":{"line":72,"column":17},"end":{"line":77,"column":1}},"9":{"start":{"line":79,"column":15},"end":{"line":147,"column":1}},"10":{"start":{"line":80,"column":19},"end":{"line":80,"column":32}},"11":{"start":{"line":81,"column":44},"end":{"line":81,"column":59}},"12":{"start":{"line":83,"column":24},"end":{"line":85,"column":3}},"13":{"start":{"line":84,"column":4},"end":{"line":84,"column":37}},"14":{"start":{"line":87,"column":2},"end":{"line":146,"column":4}},"15":{"start":{"line":105,"column":18},"end":{"line":106,"column":80}},"16":{"start":{"line":107,"column":16},"end":{"line":122,"column":18}}},"fnMap":{"0":{"name":"(anonymous_0)","decl":{"start":{"line":7,"column":17},"end":{"line":7,"column":18}},"loc":{"start":{"line":8,"column":2},"end":{"line":21,"column":8}},"line":8},"1":{"name":"(anonymous_1)","decl":{"start":{"line":23,"column":21},"end":{"line":23,"column":22}},"loc":{"start":{"line":24,"column":2},"end":{"line":37,"column":8}},"line":24},"2":{"name":"(anonymous_2)","decl":{"start":{"line":39,"column":21},"end":{"line":39,"column":22}},"loc":{"start":{"line":40,"column":2},"end":{"line":53,"column":8}},"line":40},"3":{"name":"(anonymous_3)","decl":{"start":{"line":55,"column":21},"end":{"line":55,"column":22}},"loc":{"start":{"line":56,"column":2},"end":{"line":69,"column":8}},"line":56},"4":{"name":"(anonymous_4)","decl":{"start":{"line":79,"column":15},"end":{"line":79,"column":16}},"loc":{"start":{"line":79,"column":33},"end":{"line":147,"column":1}},"line":79},"5":{"name":"(anonymous_5)","decl":{"start":{"line":83,"column":24},"end":{"line":83,"column":25}},"loc":{"start":{"line":83,"column":30},"end":{"line":85,"column":3}},"line":83},"6":{"name":"(anonymous_6)","decl":{"start":{"line":103,"column":28},"end":{"line":103,"column":29}},"loc":{"start":{"line":103,"column":38},"end":{"line":123,"column":15}},"line":103}},"branchMap":{"0":{"loc":{"start":{"line":98,"column":14},"end":{"line":98,"column":67}},"type":"cond-expr","locations":[{"start":{"line":98,"column":30},"end":{"line":98,"column":45}},{"start":{"line":98,"column":48},"end":{"line":98,"column":67}}],"line":98},"1":{"loc":{"start":{"line":105,"column":18},"end":{"line":106,"column":80}},"type":"binary-expr","locations":[{"start":{"line":105,"column":18},"end":{"line":105,"column":49}},{"start":{"line":106,"column":19},"end":{"line":106,"column":36}},{"start":{"line":106,"column":40},"end":{"line":106,"column":79}}],"line":105},"2":{"loc":{"start":{"line":113,"column":26},"end":{"line":115,"column":75}},"type":"cond-expr","locations":[{"start":{"line":114,"column":30},"end":{"line":114,"column":134}},{"start":{"line":115,"column":30},"end":{"line":115,"column":75}}],"line":113},"3":{"loc":{"start":{"line":118,"column":55},"end":{"line":118,"column":184}},"type":"cond-expr","locations":[{"start":{"line":118,"column":66},"end":{"line":118,"column":92}},{"start":{"line":118,"column":95},"end":{"line":118,"column":184}}],"line":118},"4":{"loc":{"start":{"line":119,"column":50},"end":{"line":119,"column":92}},"type":"cond-expr","locations":[{"start":{"line":119,"column":61},"end":{"line":119,"column":76}},{"start":{"line":119,"column":79},"end":{"line":119,"column":92}}],"line":119},"5":{"loc":{"start":{"line":138,"column":14},"end":{"line":138,"column":49}},"type":"cond-expr","locations":[{"start":{"line":138,"column":30},"end":{"line":138,"column":40}},{"start":{"line":138,"column":43},"end":{"line":138,"column":49}}],"line":138}},"s":{"0":1,"1":5,"2":1,"3":5,"4":1,"5":5,"6":1,"7":5,"8":1,"9":1,"10":5,"11":5,"12":5,"13":2,"14":5,"15":20,"16":20},"f":{"0":5,"1":5,"2":5,"3":5,"4":5,"5":2,"6":20},"b":{"0":[1,4],"1":[20,15,15],"2":[5,15],"3":[5,15],"4":[5,15],"5":[1,4]},"_coverageSchema":"1a1c01bbd47fc00a2c39e90264f33305004495a9","hash":"2b91171f16629eefdcd01174bee0bbb773c2eca7"}
,"D:\\Kuliah\\Akademik\\Semester 6\\Pemrograman Web\\Tugas Besar\\uas-pemrograman-web-122140122\\frontend\\src\\components\\Navbar.jsx": {"path":"D:\\Kuliah\\Akademik\\Semester 6\\Pemrograman Web\\Tugas Besar\\uas-pemrograman-web-122140122\\frontend\\src\\components\\Navbar.jsx","statementMap":{"0":{"start":{"line":6,"column":19},"end":{"line":21,"column":1}},"1":{"start":{"line":7,"column":2},"end":{"line":20,"column":8}},"2":{"start":{"line":22,"column":17},"end":{"line":37,"column":1}},"3":{"start":{"line":23,"column":2},"end":{"line":36,"column":8}},"4":{"start":{"line":38,"column":23},"end":{"line":53,"column":1}},"5":{"start":{"line":39,"column":2},"end":{"line":52,"column":8}},"6":{"start":{"line":54,"column":17},"end":{"line":69,"column":1}},"7":{"start":{"line":55,"column":2},"end":{"line":68,"column":8}},"8":{"start":{"line":70,"column":19},"end":{"line":85,"column":1}},"9":{"start":{"line":71,"column":2},"end":{"line":84,"column":8}},"10":{"start":{"line":87,"column":15},"end":{"line":193,"column":1}},"11":{"start":{"line":88,"column":44},"end":{"line":88,"column":58}},"12":{"start":{"line":89,"column":19},"end":{"line":89,"column":32}},"13":{"start":{"line":90,"column":38},"end":{"line":90,"column":50}},"14":{"start":{"line":92,"column":23},"end":{"line":95,"column":3}},"15":{"start":{"line":93,"column":4},"end":{"line":93,"column":13}},"16":{"start":{"line":94,"column":4},"end":{"line":94,"column":23}},"17":{"start":{"line":97,"column":29},"end":{"line":99,"column":3}},"18":{"start":{"line":98,"column":4},"end":{"line":98,"column":38}},"19":{"start":{"line":101,"column":29},"end":{"line":107,"column":3}},"20":{"start":{"line":102,"column":4},"end":{"line":102,"column":27}},"21":{"start":{"line":103,"column":4},"end":{"line":106,"column":5}},"22":{"start":{"line":104,"column":6},"end":{"line":104,"column":73}},"23":{"start":{"line":105,"column":6},"end":{"line":105,"column":24}},"24":{"start":{"line":109,"column":2},"end":{"line":192,"column":4}}},"fnMap":{"0":{"name":"(anonymous_0)","decl":{"start":{"line":6,"column":19},"end":{"line":6,"column":20}},"loc":{"start":{"line":7,"column":2},"end":{"line":20,"column":8}},"line":7},"1":{"name":"(anonymous_1)","decl":{"start":{"line":22,"column":17},"end":{"line":22,"column":18}},"loc":{"start":{"line":23,"column":2},"end":{"line":36,"column":8}},"line":23},"2":{"name":"(anonymous_2)","decl":{"start":{"line":38,"column":23},"end":{"line":38,"column":24}},"loc":{"start":{"line":39,"column":2},"end":{"line":52,"column":8}},"line":39},"3":{"name":"(anonymous_3)","decl":{"start":{"line":54,"column":17},"end":{"line":54,"column":18}},"loc":{"start":{"line":55,"column":2},"end":{"line":68,"column":8}},"line":55},"4":{"name":"(anonymous_4)","decl":{"start":{"line":70,"column":19},"end":{"line":70,"column":20}},"loc":{"start":{"line":71,"column":2},"end":{"line":84,"column":8}},"line":71},"5":{"name":"(anonymous_5)","decl":{"start":{"line":87,"column":15},"end":{"line":87,"column":16}},"loc":{"start":{"line":87,"column":38},"end":{"line":193,"column":1}},"line":87},"6":{"name":"(anonymous_6)","decl":{"start":{"line":92,"column":23},"end":{"line":92,"column":24}},"loc":{"start":{"line":92,"column":29},"end":{"line":95,"column":3}},"line":92},"7":{"name":"(anonymous_7)","decl":{"start":{"line":97,"column":29},"end":{"line":97,"column":30}},"loc":{"start":{"line":97,"column":40},"end":{"line":99,"column":3}},"line":97},"8":{"name":"(anonymous_8)","decl":{"start":{"line":101,"column":29},"end":{"line":101,"column":30}},"loc":{"start":{"line":101,"column":40},"end":{"line":107,"column":3}},"line":101}},"branchMap":{"0":{"loc":{"start":{"line":103,"column":4},"end":{"line":106,"column":5}},"type":"if","locations":[{"start":{"line":103,"column":4},"end":{"line":106,"column":5}},{"start":{},"end":{}}],"line":103},"1":{"loc":{"start":{"line":157,"column":13},"end":{"line":165,"column":13}},"type":"binary-expr","locations":[{"start":{"line":157,"column":13},"end":{"line":157,"column":28}},{"start":{"line":157,"column":32},"end":{"line":157,"column":36}},{"start":{"line":158,"column":14},"end":{"line":164,"column":20}}],"line":157},"2":{"loc":{"start":{"line":162,"column":19},"end":{"line":162,"column":42}},"type":"binary-expr","locations":[{"start":{"line":162,"column":19},"end":{"line":162,"column":32}},{"start":{"line":162,"column":36},"end":{"line":162,"column":42}}],"line":162},"3":{"loc":{"start":{"line":167,"column":13},"end":{"line":183,"column":13}},"type":"cond-expr","locations":[{"start":{"line":168,"column":14},"end":{"line":175,"column":23}},{"start":{"line":177,"column":14},"end":{"line":182,"column":21}}],"line":167},"4":{"loc":{"start":{"line":185,"column":13},"end":{"line":187,"column":13}},"type":"binary-expr","locations":[{"start":{"line":185,"column":13},"end":{"line":185,"column":29}},{"start":{"line":186,"column":17},"end":{"line":186,"column":67}}],"line":185}},"s":{"0":1,"1":4,"2":1,"3":4,"4":1,"5":4,"6":1,"7":4,"8":1,"9":4,"10":1,"11":4,"12":4,"13":4,"14":4,"15":1,"16":1,"17":4,"18":1,"19":4,"20":0,"21":0,"22":0,"23":0,"24":4},"f":{"0":4,"1":4,"2":4,"3":4,"4":4,"5":4,"6":1,"7":1,"8":0},"b":{"0":[0,0],"1":[4,4,4],"2":[4,4],"3":[4,0],"4":[4,0]},"_coverageSchema":"1a1c01bbd47fc00a2c39e90264f33305004495a9","hash":"9e4c5801d1da26edfa6e96aae56593a0a9f2bc72"}
,"D:\\Kuliah\\Akademik\\Semester 6\\Pemrograman Web\\Tugas Besar\\uas-pemrograman-web-122140122\\frontend\\src\\components\\QuranCard.jsx": {"path":"D:\\Kuliah\\Akademik\\Semester 6\\Pemrograman Web\\Tugas Besar\\uas-pemrograman-web-122140122\\frontend\\src\\components\\QuranCard.jsx","statementMap":{"0":{"start":{"line":3,"column":18},"end":{"line":34,"column":1}},"1":{"start":{"line":4,"column":2},"end":{"line":33,"column":4}},"2":{"start":{"line":27,"column":23},"end":{"line":27,"column":44}}},"fnMap":{"0":{"name":"(anonymous_0)","decl":{"start":{"line":3,"column":18},"end":{"line":3,"column":19}},"loc":{"start":{"line":3,"column":56},"end":{"line":34,"column":1}},"line":3},"1":{"name":"(anonymous_1)","decl":{"start":{"line":27,"column":17},"end":{"line":27,"column":18}},"loc":{"start":{"line":27,"column":23},"end":{"line":27,"column":44}},"line":27}},"branchMap":{"0":{"loc":{"start":{"line":22,"column":38},"end":{"line":22,"column":100}},"type":"binary-expr","locations":[{"start":{"line":22,"column":38},"end":{"line":22,"column":59}},{"start":{"line":22,"column":63},"end":{"line":22,"column":100}}],"line":22},"1":{"loc":{"start":{"line":23,"column":53},"end":{"line":23,"column":112}},"type":"binary-expr","locations":[{"start":{"line":23,"column":53},"end":{"line":23,"column":74}},{"start":{"line":23,"column":78},"end":{"line":23,"column":112}}],"line":23}},"s":{"0":1,"1":3,"2":1},"f":{"0":3,"1":1},"b":{"0":[3,1],"1":[3,1]},"_coverageSchema":"1a1c01bbd47fc00a2c39e90264f33305004495a9","hash":"5fba74a777efdb0c3fed23cfd32f5fb78e924a0b"}
,"D:\\Kuliah\\Akademik\\Semester 6\\Pemrograman Web\\Tugas Besar\\uas-pemrograman-web-122140122\\frontend\\src\\components\\SurahCard.jsx": {"path":"D:\\Kuliah\\Akademik\\Semester 6\\Pemrograman Web\\Tugas Besar\\uas-pemrograman-web-122140122\\frontend\\src\\components\\SurahCard.jsx","statementMap":{"0":{"start":{"line":3,"column":18},"end":{"line":23,"column":1}},"1":{"start":{"line":4,"column":2},"end":{"line":22,"column":4}},"2":{"start":{"line":7,"column":21},"end":{"line":7,"column":42}}},"fnMap":{"0":{"name":"(anonymous_0)","decl":{"start":{"line":3,"column":18},"end":{"line":3,"column":19}},"loc":{"start":{"line":3,"column":42},"end":{"line":23,"column":1}},"line":3},"1":{"name":"(anonymous_1)","decl":{"start":{"line":7,"column":15},"end":{"line":7,"column":16}},"loc":{"start":{"line":7,"column":21},"end":{"line":7,"column":42}},"line":7}},"branchMap":{},"s":{"0":1,"1":2,"2":1},"f":{"0":2,"1":1},"b":{},"_coverageSchema":"1a1c01bbd47fc00a2c39e90264f33305004495a9","hash":"f82dab44dd2e83e747389d2629b70809ddedf48b"}
,"D:\\Kuliah\\Akademik\\Semester 6\\Pemrograman Web\\Tugas Besar\\uas-pemrograman-web-122140122\\frontend\\src\\hooks\\useAuth.js": {"path":"D:\\Kuliah\\Akademik\\Semester 6\\Pemrograman Web\\Tugas Besar\\uas-pemrograman-web-122140122\\frontend\\src\\hooks\\useAuth.js","statementMap":{"0":{"start":{"line":5,"column":21},"end":{"line":60,"column":1}},"1":{"start":{"line":7,"column":19},"end":{"line":54,"column":5}},"2":{"start":{"line":12,"column":38},"end":{"line":12,"column":102}},"3":{"start":{"line":15,"column":8},"end":{"line":15,"column":41}},"4":{"start":{"line":16,"column":8},"end":{"line":16,"column":65}},"5":{"start":{"line":21,"column":32},"end":{"line":21,"column":37}},"6":{"start":{"line":24,"column":8},"end":{"line":31,"column":9}},"7":{"start":{"line":26,"column":10},"end":{"line":29,"column":11}},"8":{"start":{"line":27,"column":12},"end":{"line":27,"column":45}},"9":{"start":{"line":28,"column":12},"end":{"line":28,"column":69}},"10":{"start":{"line":30,"column":10},"end":{"line":30,"column":23}},"11":{"start":{"line":34,"column":8},"end":{"line":34,"column":20}},"12":{"start":{"line":39,"column":22},"end":{"line":39,"column":51}},"13":{"start":{"line":40,"column":8},"end":{"line":51,"column":9}},"14":{"start":{"line":43,"column":10},"end":{"line":50,"column":11}},"15":{"start":{"line":45,"column":12},"end":{"line":45,"column":50}},"16":{"start":{"line":46,"column":12},"end":{"line":46,"column":24}},"17":{"start":{"line":48,"column":12},"end":{"line":48,"column":61}},"18":{"start":{"line":49,"column":12},"end":{"line":49,"column":45}},"19":{"start":{"line":52,"column":8},"end":{"line":52,"column":21}},"20":{"start":{"line":57,"column":30},"end":{"line":57,"column":110}}},"fnMap":{"0":{"name":"(anonymous_0)","decl":{"start":{"line":7,"column":4},"end":{"line":7,"column":5}},"loc":{"start":{"line":7,"column":19},"end":{"line":54,"column":5}},"line":7},"1":{"name":"(anonymous_1)","decl":{"start":{"line":12,"column":13},"end":{"line":12,"column":14}},"loc":{"start":{"line":12,"column":38},"end":{"line":12,"column":102}},"line":12},"2":{"name":"(anonymous_2)","decl":{"start":{"line":14,"column":14},"end":{"line":14,"column":15}},"loc":{"start":{"line":14,"column":20},"end":{"line":17,"column":7}},"line":14},"3":{"name":"(anonymous_3)","decl":{"start":{"line":20,"column":17},"end":{"line":20,"column":18}},"loc":{"start":{"line":20,"column":23},"end":{"line":35,"column":7}},"line":20},"4":{"name":"(anonymous_4)","decl":{"start":{"line":38,"column":16},"end":{"line":38,"column":17}},"loc":{"start":{"line":38,"column":22},"end":{"line":53,"column":7}},"line":38},"5":{"name":"(anonymous_5)","decl":{"start":{"line":57,"column":18},"end":{"line":57,"column":19}},"loc":{"start":{"line":57,"column":30},"end":{"line":57,"column":110}},"line":57}},"branchMap":{"0":{"loc":{"start":{"line":24,"column":8},"end":{"line":31,"column":9}},"type":"if","locations":[{"start":{"line":24,"column":8},"end":{"line":31,"column":9}},{"start":{},"end":{}}],"line":24},"1":{"loc":{"start":{"line":24,"column":12},"end":{"line":24,"column":43}},"type":"binary-expr","locations":[{"start":{"line":24,"column":12},"end":{"line":24,"column":18}},{"start":{"line":24,"column":22},"end":{"line":24,"column":43}}],"line":24},"2":{"loc":{"start":{"line":26,"column":10},"end":{"line":29,"column":11}},"type":"if","locations":[{"start":{"line":26,"column":10},"end":{"line":29,"column":11}},{"start":{},"end":{}}],"line":26},"3":{"loc":{"start":{"line":40,"column":8},"end":{"line":51,"column":9}},"type":"if","locations":[{"start":{"line":40,"column":8},"end":{"line":51,"column":9}},{"start":{},"end":{}}],"line":40},"4":{"loc":{"start":{"line":40,"column":12},"end":{"line":40,"column":43}},"type":"binary-expr","locations":[{"start":{"line":40,"column":12},"end":{"line":40,"column":17}},{"start":{"line":40,"column":21},"end":{"line":40,"column":43}}],"line":40}},"s":{"0":4,"1":4,"2":0,"3":0,"4":0,"5":0,"6":0,"7":0,"8":0,"9":0,"10":0,"11":0,"12":0,"13":0,"14":0,"15":0,"16":0,"17":0,"18":0,"19":0,"20":0},"f":{"0":4,"1":0,"2":0,"3":0,"4":0,"5":0},"b":{"0":[0,0],"1":[0,0],"2":[0,0],"3":[0,0],"4":[0,0]},"_coverageSchema":"1a1c01bbd47fc00a2c39e90264f33305004495a9","hash":"fb2281e3fe641de17b0e182628697bb1d92c270f"}
,"D:\\Kuliah\\Akademik\\Semester 6\\Pemrograman Web\\Tugas Besar\\uas-pemrograman-web-122140122\\frontend\\src\\pages\\Chart.jsx": {"path":"D:\\Kuliah\\Akademik\\Semester 6\\Pemrograman Web\\Tugas Besar\\uas-pemrograman-web-122140122\\frontend\\src\\pages\\Chart.jsx","statementMap":{"0":{"start":{"line":11,"column":27},"end":{"line":19,"column":1}},"1":{"start":{"line":12,"column":2},"end":{"line":12,"column":27}},"2":{"start":{"line":12,"column":18},"end":{"line":12,"column":27}},"3":{"start":{"line":13,"column":16},"end":{"line":13,"column":69}},"4":{"start":{"line":13,"column":46},"end":{"line":13,"column":68}},"5":{"start":{"line":14,"column":2},"end":{"line":14,"column":35}},"6":{"start":{"line":14,"column":26},"end":{"line":14,"column":35}},"7":{"start":{"line":15,"column":2},"end":{"line":17,"column":3}},"8":{"start":{"line":16,"column":4},"end":{"line":16,"column":35}},"9":{"start":{"line":18,"column":2},"end":{"line":18,"column":11}},"10":{"start":{"line":21,"column":14},"end":{"line":308,"column":1}},"11":{"start":{"line":22,"column":30},"end":{"line":22,"column":49}},"12":{"start":{"line":23,"column":36},"end":{"line":23,"column":48}},"13":{"start":{"line":24,"column":42},"end":{"line":24,"column":85}},"14":{"start":{"line":25,"column":36},"end":{"line":25,"column":50}},"15":{"start":{"line":26,"column":28},"end":{"line":26,"column":42}},"16":{"start":{"line":27,"column":36},"end":{"line":27,"column":50}},"17":{"start":{"line":28,"column":19},"end":{"line":28,"column":32}},"18":{"start":{"line":30,"column":2},"end":{"line":182,"column":38}},"19":{"start":{"line":31,"column":4},"end":{"line":38,"column":5}},"20":{"start":{"line":32,"column":6},"end":{"line":32,"column":26}},"21":{"start":{"line":33,"column":6},"end":{"line":33,"column":64}},"22":{"start":{"line":34,"column":6},"end":{"line":34,"column":23}},"23":{"start":{"line":35,"column":6},"end":{"line":35,"column":57}},"24":{"start":{"line":36,"column":6},"end":{"line":36,"column":73}},"25":{"start":{"line":37,"column":6},"end":{"line":37,"column":13}},"26":{"start":{"line":39,"column":4},"end":{"line":39,"column":57}},"27":{"start":{"line":40,"column":4},"end":{"line":40,"column":55}},"28":{"start":{"line":42,"column":35},"end":{"line":179,"column":5}},"29":{"start":{"line":43,"column":6},"end":{"line":43,"column":25}},"30":{"start":{"line":44,"column":6},"end":{"line":44,"column":21}},"31":{"start":{"line":45,"column":6},"end":{"line":178,"column":7}},"32":{"start":{"line":46,"column":8},"end":{"line":46,"column":76}},"33":{"start":{"line":47,"column":25},"end":{"line":47,"column":70}},"34":{"start":{"line":48,"column":8},"end":{"line":48,"column":63}},"35":{"start":{"line":49,"column":29},"end":{"line":49,"column":42}},"36":{"start":{"line":50,"column":8},"end":{"line":50,"column":73}},"37":{"start":{"line":52,"column":8},"end":{"line":52,"column":194}},"38":{"start":{"line":52,"column":113},"end":{"line":52,"column":190}},"39":{"start":{"line":54,"column":8},"end":{"line":61,"column":9}},"40":{"start":{"line":55,"column":10},"end":{"line":55,"column":83}},"41":{"start":{"line":56,"column":10},"end":{"line":56,"column":62}},"42":{"start":{"line":57,"column":10},"end":{"line":57,"column":27}},"43":{"start":{"line":58,"column":10},"end":{"line":58,"column":61}},"44":{"start":{"line":59,"column":10},"end":{"line":59,"column":30}},"45":{"start":{"line":60,"column":10},"end":{"line":60,"column":17}},"46":{"start":{"line":63,"column":33},"end":{"line":86,"column":40}},"47":{"start":{"line":65,"column":30},"end":{"line":65,"column":55}},"48":{"start":{"line":66,"column":36},"end":{"line":66,"column":59}},"49":{"start":{"line":68,"column":12},"end":{"line":68,"column":48}},"50":{"start":{"line":72,"column":10},"end":{"line":77,"column":11}},"51":{"start":{"line":73,"column":12},"end":{"line":73,"column":57}},"52":{"start":{"line":75,"column":12},"end":{"line":75,"column":112}},"53":{"start":{"line":76,"column":12},"end":{"line":76,"column":24}},"54":{"start":{"line":78,"column":24},"end":{"line":78,"column":59}},"55":{"start":{"line":80,"column":10},"end":{"line":84,"column":12}},"56":{"start":{"line":85,"column":26},"end":{"line":85,"column":39}},"57":{"start":{"line":86,"column":24},"end":{"line":86,"column":39}},"58":{"start":{"line":87,"column":8},"end":{"line":87,"column":91}},"59":{"start":{"line":89,"column":28},"end":{"line":89,"column":30}},"60":{"start":{"line":90,"column":30},"end":{"line":90,"column":31}},"61":{"start":{"line":91,"column":22},"end":{"line":91,"column":32}},"62":{"start":{"line":93,"column":8},"end":{"line":161,"column":9}},"63":{"start":{"line":94,"column":30},"end":{"line":94,"column":44}},"64":{"start":{"line":95,"column":31},"end":{"line":98,"column":12}},"65":{"start":{"line":100,"column":10},"end":{"line":111,"column":13}},"66":{"start":{"line":101,"column":29},"end":{"line":101,"column":51}},"67":{"start":{"line":102,"column":35},"end":{"line":104,"column":61}},"68":{"start":{"line":103,"column":30},"end":{"line":103,"column":78}},"69":{"start":{"line":104,"column":37},"end":{"line":104,"column":57}},"70":{"start":{"line":105,"column":12},"end":{"line":105,"column":46}},"71":{"start":{"line":106,"column":12},"end":{"line":110,"column":14}},"72":{"start":{"line":112,"column":15},"end":{"line":161,"column":9}},"73":{"start":{"line":113,"column":29},"end":{"line":116,"column":33}},"74":{"start":{"line":118,"column":10},"end":{"line":129,"column":13}},"75":{"start":{"line":119,"column":28},"end":{"line":119,"column":69}},"76":{"start":{"line":120,"column":34},"end":{"line":122,"column":61}},"77":{"start":{"line":121,"column":30},"end":{"line":121,"column":76}},"78":{"start":{"line":122,"column":37},"end":{"line":122,"column":57}},"79":{"start":{"line":123,"column":12},"end":{"line":123,"column":45}},"80":{"start":{"line":124,"column":12},"end":{"line":128,"column":14}},"81":{"start":{"line":130,"column":15},"end":{"line":161,"column":9}},"82":{"start":{"line":131,"column":30},"end":{"line":131,"column":99}},"83":{"start":{"line":131,"column":71},"end":{"line":131,"column":89}},"84":{"start":{"line":132,"column":31},"end":{"line":132,"column":52}},"85":{"start":{"line":134,"column":10},"end":{"line":138,"column":11}},"86":{"start":{"line":135,"column":13},"end":{"line":135,"column":66}},"87":{"start":{"line":136,"column":17},"end":{"line":138,"column":11}},"88":{"start":{"line":137,"column":12},"end":{"line":137,"column":46}},"89":{"start":{"line":141,"column":10},"end":{"line":153,"column":13}},"90":{"start":{"line":142,"column":30},"end":{"line":142,"column":63}},"91":{"start":{"line":143,"column":28},"end":{"line":143,"column":59}},"92":{"start":{"line":144,"column":34},"end":{"line":146,"column":61}},"93":{"start":{"line":145,"column":30},"end":{"line":145,"column":57}},"94":{"start":{"line":146,"column":37},"end":{"line":146,"column":57}},"95":{"start":{"line":147,"column":12},"end":{"line":147,"column":45}},"96":{"start":{"line":148,"column":12},"end":{"line":152,"column":14}},"97":{"start":{"line":150,"column":59},"end":{"line":150,"column":85}},"98":{"start":{"line":150,"column":109},"end":{"line":150,"column":129}},"99":{"start":{"line":156,"column":39},"end":{"line":156,"column":40}},"100":{"start":{"line":157,"column":11},"end":{"line":160,"column":14}},"101":{"start":{"line":158,"column":15},"end":{"line":158,"column":59}},"102":{"start":{"line":159,"column":15},"end":{"line":159,"column":75}},"103":{"start":{"line":163,"column":8},"end":{"line":163,"column":93}},"104":{"start":{"line":164,"column":8},"end":{"line":164,"column":36}},"105":{"start":{"line":166,"column":27},"end":{"line":166,"column":90}},"106":{"start":{"line":166,"column":66},"end":{"line":166,"column":86}},"107":{"start":{"line":167,"column":28},"end":{"line":167,"column":87}},"108":{"start":{"line":167,"column":65},"end":{"line":167,"column":80}},"109":{"start":{"line":168,"column":8},"end":{"line":168,"column":103}},"110":{"start":{"line":169,"column":8},"end":{"line":169,"column":53}},"111":{"start":{"line":172,"column":8},"end":{"line":172,"column":85}},"112":{"start":{"line":173,"column":8},"end":{"line":173,"column":67}},"113":{"start":{"line":174,"column":8},"end":{"line":174,"column":25}},"114":{"start":{"line":175,"column":8},"end":{"line":175,"column":59}},"115":{"start":{"line":177,"column":8},"end":{"line":177,"column":28}},"116":{"start":{"line":181,"column":4},"end":{"line":181,"column":29}},"117":{"start":{"line":184,"column":29},"end":{"line":186,"column":3}},"118":{"start":{"line":185,"column":4},"end":{"line":185,"column":24}},"119":{"start":{"line":188,"column":2},"end":{"line":195,"column":3}},"120":{"start":{"line":189,"column":4},"end":{"line":194,"column":6}},"121":{"start":{"line":197,"column":2},"end":{"line":217,"column":3}},"122":{"start":{"line":198,"column":4},"end":{"line":209,"column":6}},"123":{"start":{"line":203,"column":25},"end":{"line":203,"column":43}},"124":{"start":{"line":210,"column":9},"end":{"line":217,"column":3}},"125":{"start":{"line":211,"column":5},"end":{"line":216,"column":6}},"126":{"start":{"line":219,"column":23},"end":{"line":223,"column":3}},"127":{"start":{"line":225,"column":2},"end":{"line":307,"column":4}},"128":{"start":{"line":277,"column":32},"end":{"line":277,"column":84}},"129":{"start":{"line":278,"column":40},"end":{"line":278,"column":111}},"130":{"start":{"line":281,"column":18},"end":{"line":281,"column":56}},"131":{"start":{"line":283,"column":43},"end":{"line":283,"column":90}},"132":{"start":{"line":286,"column":38},"end":{"line":286,"column":105}}},"fnMap":{"0":{"name":"(anonymous_0)","decl":{"start":{"line":11,"column":27},"end":{"line":11,"column":28}},"loc":{"start":{"line":11,"column":42},"end":{"line":19,"column":1}},"line":11},"1":{"name":"(anonymous_1)","decl":{"start":{"line":13,"column":41},"end":{"line":13,"column":42}},"loc":{"start":{"line":13,"column":46},"end":{"line":13,"column":68}},"line":13},"2":{"name":"(anonymous_2)","decl":{"start":{"line":21,"column":14},"end":{"line":21,"column":15}},"loc":{"start":{"line":21,"column":20},"end":{"line":308,"column":1}},"line":21},"3":{"name":"(anonymous_3)","decl":{"start":{"line":30,"column":12},"end":{"line":30,"column":13}},"loc":{"start":{"line":30,"column":18},"end":{"line":182,"column":3}},"line":30},"4":{"name":"(anonymous_4)","decl":{"start":{"line":42,"column":35},"end":{"line":42,"column":36}},"loc":{"start":{"line":42,"column":47},"end":{"line":179,"column":5}},"line":42},"5":{"name":"(anonymous_5)","decl":{"start":{"line":52,"column":104},"end":{"line":52,"column":105}},"loc":{"start":{"line":52,"column":113},"end":{"line":52,"column":190}},"line":52},"6":{"name":"(anonymous_6)","decl":{"start":{"line":64,"column":10},"end":{"line":64,"column":11}},"loc":{"start":{"line":64,"column":18},"end":{"line":69,"column":11}},"line":64},"7":{"name":"(anonymous_7)","decl":{"start":{"line":70,"column":14},"end":{"line":70,"column":15}},"loc":{"start":{"line":70,"column":22},"end":{"line":85,"column":9}},"line":70},"8":{"name":"(anonymous_8)","decl":{"start":{"line":85,"column":18},"end":{"line":85,"column":19}},"loc":{"start":{"line":85,"column":26},"end":{"line":85,"column":39}},"line":85},"9":{"name":"(anonymous_9)","decl":{"start":{"line":86,"column":14},"end":{"line":86,"column":15}},"loc":{"start":{"line":86,"column":24},"end":{"line":86,"column":39}},"line":86},"10":{"name":"(anonymous_10)","decl":{"start":{"line":100,"column":43},"end":{"line":100,"column":44}},"loc":{"start":{"line":100,"column":57},"end":{"line":111,"column":11}},"line":100},"11":{"name":"(anonymous_11)","decl":{"start":{"line":103,"column":22},"end":{"line":103,"column":23}},"loc":{"start":{"line":103,"column":30},"end":{"line":103,"column":78}},"line":103},"12":{"name":"(anonymous_12)","decl":{"start":{"line":104,"column":22},"end":{"line":104,"column":23}},"loc":{"start":{"line":104,"column":37},"end":{"line":104,"column":57}},"line":104},"13":{"name":"(anonymous_13)","decl":{"start":{"line":118,"column":41},"end":{"line":118,"column":42}},"loc":{"start":{"line":118,"column":54},"end":{"line":129,"column":11}},"line":118},"14":{"name":"(anonymous_14)","decl":{"start":{"line":121,"column":22},"end":{"line":121,"column":23}},"loc":{"start":{"line":121,"column":30},"end":{"line":121,"column":76}},"line":121},"15":{"name":"(anonymous_15)","decl":{"start":{"line":122,"column":22},"end":{"line":122,"column":23}},"loc":{"start":{"line":122,"column":37},"end":{"line":122,"column":57}},"line":122},"16":{"name":"(anonymous_16)","decl":{"start":{"line":131,"column":63},"end":{"line":131,"column":64}},"loc":{"start":{"line":131,"column":71},"end":{"line":131,"column":89}},"line":131},"17":{"name":"(anonymous_17)","decl":{"start":{"line":141,"column":43},"end":{"line":141,"column":44}},"loc":{"start":{"line":141,"column":51},"end":{"line":153,"column":11}},"line":141},"18":{"name":"(anonymous_18)","decl":{"start":{"line":145,"column":22},"end":{"line":145,"column":23}},"loc":{"start":{"line":145,"column":30},"end":{"line":145,"column":57}},"line":145},"19":{"name":"(anonymous_19)","decl":{"start":{"line":146,"column":22},"end":{"line":146,"column":23}},"loc":{"start":{"line":146,"column":37},"end":{"line":146,"column":57}},"line":146},"20":{"name":"(anonymous_20)","decl":{"start":{"line":150,"column":51},"end":{"line":150,"column":52}},"loc":{"start":{"line":150,"column":59},"end":{"line":150,"column":85}},"line":150},"21":{"name":"(anonymous_21)","decl":{"start":{"line":150,"column":94},"end":{"line":150,"column":95}},"loc":{"start":{"line":150,"column":109},"end":{"line":150,"column":129}},"line":150},"22":{"name":"(anonymous_22)","decl":{"start":{"line":157,"column":45},"end":{"line":157,"column":46}},"loc":{"start":{"line":157,"column":58},"end":{"line":160,"column":12}},"line":157},"23":{"name":"(anonymous_23)","decl":{"start":{"line":166,"column":51},"end":{"line":166,"column":52}},"loc":{"start":{"line":166,"column":66},"end":{"line":166,"column":86}},"line":166},"24":{"name":"(anonymous_24)","decl":{"start":{"line":167,"column":57},"end":{"line":167,"column":58}},"loc":{"start":{"line":167,"column":65},"end":{"line":167,"column":80}},"line":167},"25":{"name":"(anonymous_25)","decl":{"start":{"line":184,"column":29},"end":{"line":184,"column":30}},"loc":{"start":{"line":184,"column":50},"end":{"line":186,"column":3}},"line":184},"26":{"name":"(anonymous_26)","decl":{"start":{"line":203,"column":19},"end":{"line":203,"column":20}},"loc":{"start":{"line":203,"column":25},"end":{"line":203,"column":43}},"line":203},"27":{"name":"(anonymous_27)","decl":{"start":{"line":276,"column":27},"end":{"line":276,"column":28}},"loc":{"start":{"line":276,"column":51},"end":{"line":282,"column":17}},"line":276},"28":{"name":"(anonymous_28)","decl":{"start":{"line":283,"column":32},"end":{"line":283,"column":33}},"loc":{"start":{"line":283,"column":43},"end":{"line":283,"column":90}},"line":283},"29":{"name":"(anonymous_29)","decl":{"start":{"line":286,"column":27},"end":{"line":286,"column":28}},"loc":{"start":{"line":286,"column":38},"end":{"line":286,"column":105}},"line":286}},"branchMap":{"0":{"loc":{"start":{"line":12,"column":2},"end":{"line":12,"column":27}},"type":"if","locations":[{"start":{"line":12,"column":2},"end":{"line":12,"column":27}},{"start":{},"end":{}}],"line":12},"1":{"loc":{"start":{"line":14,"column":2},"end":{"line":14,"column":35}},"type":"if","locations":[{"start":{"line":14,"column":2},"end":{"line":14,"column":35}},{"start":{},"end":{}}],"line":14},"2":{"loc":{"start":{"line":15,"column":2},"end":{"line":17,"column":3}},"type":"if","locations":[{"start":{"line":15,"column":2},"end":{"line":17,"column":3}},{"start":{},"end":{}}],"line":15},"3":{"loc":{"start":{"line":15,"column":6},"end":{"line":15,"column":64}},"type":"binary-expr","locations":[{"start":{"line":15,"column":6},"end":{"line":15,"column":24}},{"start":{"line":15,"column":28},"end":{"line":15,"column":44}},{"start":{"line":15,"column":48},"end":{"line":15,"column":64}}],"line":15},"4":{"loc":{"start":{"line":31,"column":4},"end":{"line":38,"column":5}},"type":"if","locations":[{"start":{"line":31,"column":4},"end":{"line":38,"column":5}},{"start":{},"end":{}}],"line":31},"5":{"loc":{"start":{"line":31,"column":8},"end":{"line":31,"column":33}},"type":"binary-expr","locations":[{"start":{"line":31,"column":8},"end":{"line":31,"column":24}},{"start":{"line":31,"column":28},"end":{"line":31,"column":33}}],"line":31},"6":{"loc":{"start":{"line":54,"column":8},"end":{"line":61,"column":9}},"type":"if","locations":[{"start":{"line":54,"column":8},"end":{"line":61,"column":9}},{"start":{},"end":{}}],"line":54},"7":{"loc":{"start":{"line":68,"column":19},"end":{"line":68,"column":47}},"type":"binary-expr","locations":[{"start":{"line":68,"column":19},"end":{"line":68,"column":28}},{"start":{"line":68,"column":32},"end":{"line":68,"column":47}}],"line":68},"8":{"loc":{"start":{"line":93,"column":8},"end":{"line":161,"column":9}},"type":"if","locations":[{"start":{"line":93,"column":8},"end":{"line":161,"column":9}},{"start":{"line":112,"column":15},"end":{"line":161,"column":9}}],"line":93},"9":{"loc":{"start":{"line":103,"column":30},"end":{"line":103,"column":78}},"type":"binary-expr","locations":[{"start":{"line":103,"column":30},"end":{"line":103,"column":53}},{"start":{"line":103,"column":57},"end":{"line":103,"column":78}}],"line":103},"10":{"loc":{"start":{"line":112,"column":15},"end":{"line":161,"column":9}},"type":"if","locations":[{"start":{"line":112,"column":15},"end":{"line":161,"column":9}},{"start":{"line":130,"column":15},"end":{"line":161,"column":9}}],"line":112},"11":{"loc":{"start":{"line":121,"column":30},"end":{"line":121,"column":76}},"type":"binary-expr","locations":[{"start":{"line":121,"column":30},"end":{"line":121,"column":52}},{"start":{"line":121,"column":56},"end":{"line":121,"column":76}}],"line":121},"12":{"loc":{"start":{"line":130,"column":15},"end":{"line":161,"column":9}},"type":"if","locations":[{"start":{"line":130,"column":15},"end":{"line":161,"column":9}},{"start":{},"end":{}}],"line":130},"13":{"loc":{"start":{"line":134,"column":10},"end":{"line":138,"column":11}},"type":"if","locations":[{"start":{"line":134,"column":10},"end":{"line":138,"column":11}},{"start":{"line":136,"column":17},"end":{"line":138,"column":11}}],"line":134},"14":{"loc":{"start":{"line":134,"column":14},"end":{"line":134,"column":70}},"type":"binary-expr","locations":[{"start":{"line":134,"column":14},"end":{"line":134,"column":39}},{"start":{"line":134,"column":43},"end":{"line":134,"column":70}}],"line":134},"15":{"loc":{"start":{"line":136,"column":17},"end":{"line":138,"column":11}},"type":"if","locations":[{"start":{"line":136,"column":17},"end":{"line":138,"column":11}},{"start":{},"end":{}}],"line":136},"16":{"loc":{"start":{"line":188,"column":2},"end":{"line":195,"column":3}},"type":"if","locations":[{"start":{"line":188,"column":2},"end":{"line":195,"column":3}},{"start":{},"end":{}}],"line":188},"17":{"loc":{"start":{"line":197,"column":2},"end":{"line":217,"column":3}},"type":"if","locations":[{"start":{"line":197,"column":2},"end":{"line":217,"column":3}},{"start":{"line":210,"column":9},"end":{"line":217,"column":3}}],"line":197},"18":{"loc":{"start":{"line":197,"column":6},"end":{"line":197,"column":42}},"type":"binary-expr","locations":[{"start":{"line":197,"column":6},"end":{"line":197,"column":11}},{"start":{"line":197,"column":16},"end":{"line":197,"column":21}},{"start":{"line":197,"column":25},"end":{"line":197,"column":41}}],"line":197},"19":{"loc":{"start":{"line":210,"column":9},"end":{"line":217,"column":3}},"type":"if","locations":[{"start":{"line":210,"column":9},"end":{"line":217,"column":3}},{"start":{},"end":{}}],"line":210},"20":{"loc":{"start":{"line":255,"column":62},"end":{"line":255,"column":105}},"type":"cond-expr","locations":[{"start":{"line":255,"column":84},"end":{"line":255,"column":93}},{"start":{"line":255,"column":96},"end":{"line":255,"column":105}}],"line":255},"21":{"loc":{"start":{"line":255,"column":119},"end":{"line":255,"column":150}},"type":"cond-expr","locations":[{"start":{"line":255,"column":141},"end":{"line":255,"column":144}},{"start":{"line":255,"column":147},"end":{"line":255,"column":150}}],"line":255},"22":{"loc":{"start":{"line":256,"column":62},"end":{"line":256,"column":106}},"type":"cond-expr","locations":[{"start":{"line":256,"column":85},"end":{"line":256,"column":94}},{"start":{"line":256,"column":97},"end":{"line":256,"column":106}}],"line":256},"23":{"loc":{"start":{"line":256,"column":120},"end":{"line":256,"column":152}},"type":"cond-expr","locations":[{"start":{"line":256,"column":143},"end":{"line":256,"column":146}},{"start":{"line":256,"column":149},"end":{"line":256,"column":152}}],"line":256},"24":{"loc":{"start":{"line":257,"column":61},"end":{"line":257,"column":104}},"type":"cond-expr","locations":[{"start":{"line":257,"column":83},"end":{"line":257,"column":92}},{"start":{"line":257,"column":95},"end":{"line":257,"column":104}}],"line":257},"25":{"loc":{"start":{"line":257,"column":118},"end":{"line":257,"column":149}},"type":"cond-expr","locations":[{"start":{"line":257,"column":140},"end":{"line":257,"column":143}},{"start":{"line":257,"column":146},"end":{"line":257,"column":149}}],"line":257},"26":{"loc":{"start":{"line":261,"column":9},"end":{"line":304,"column":9}},"type":"cond-expr","locations":[{"start":{"line":262,"column":10},"end":{"line":299,"column":32}},{"start":{"line":301,"column":10},"end":{"line":303,"column":23}}],"line":261},"27":{"loc":{"start":{"line":278,"column":40},"end":{"line":278,"column":111}},"type":"cond-expr","locations":[{"start":{"line":278,"column":65},"end":{"line":278,"column":106}},{"start":{"line":278,"column":109},"end":{"line":278,"column":111}}],"line":278}},"s":{"0":0,"1":0,"2":0,"3":0,"4":0,"5":0,"6":0,"7":0,"8":0,"9":0,"10":0,"11":0,"12":0,"13":0,"14":0,"15":0,"16":0,"17":0,"18":0,"19":0,"20":0,"21":0,"22":0,"23":0,"24":0,"25":0,"26":0,"27":0,"28":0,"29":0,"30":0,"31":0,"32":0,"33":0,"34":0,"35":0,"36":0,"37":0,"38":0,"39":0,"40":0,"41":0,"42":0,"43":0,"44":0,"45":0,"46":0,"47":0,"48":0,"49":0,"50":0,"51":0,"52":0,"53":0,"54":0,"55":0,"56":0,"57":0,"58":0,"59":0,"60":0,"61":0,"62":0,"63":0,"64":0,"65":0,"66":0,"67":0,"68":0,"69":0,"70":0,"71":0,"72":0,"73":0,"74":0,"75":0,"76":0,"77":0,"78":0,"79":0,"80":0,"81":0,"82":0,"83":0,"84":0,"85":0,"86":0,"87":0,"88":0,"89":0,"90":0,"91":0,"92":0,"93":0,"94":0,"95":0,"96":0,"97":0,"98":0,"99":0,"100":0,"101":0,"102":0,"103":0,"104":0,"105":0,"106":0,"107":0,"108":0,"109":0,"110":0,"111":0,"112":0,"113":0,"114":0,"115":0,"116":0,"117":0,"118":0,"119":0,"120":0,"121":0,"122":0,"123":0,"124":0,"125":0,"126":0,"127":0,"128":0,"129":0,"130":0,"131":0,"132":0},"f":{"0":0,"1":0,"2":0,"3":0,"4":0,"5":0,"6":0,"7":0,"8":0,"9":0,"10":0,"11":0,"12":0,"13":0,"14":0,"15":0,"16":0,"17":0,"18":0,"19":0,"20":0,"21":0,"22":0,"23":0,"24":0,"25":0,"26":0,"27":0,"28":0,"29":0},"b":{"0":[0,0],"1":[0,0],"2":[0,0],"3":[0,0,0],"4":[0,0],"5":[0,0],"6":[0,0],"7":[0,0],"8":[0,0],"9":[0,0],"10":[0,0],"11":[0,0],"12":[0,0],"13":[0,0],"14":[0,0],"15":[0,0],"16":[0,0],"17":[0,0],"18":[0,0,0],"19":[0,0],"20":[0,0],"21":[0,0],"22":[0,0],"23":[0,0],"24":[0,0],"25":[0,0],"26":[0,0],"27":[0,0]}}
,"D:\\Kuliah\\Akademik\\Semester 6\\Pemrograman Web\\Tugas Besar\\uas-pemrograman-web-122140122\\frontend\\src\\pages\\Dashboard.jsx": {"path":"D:\\Kuliah\\Akademik\\Semester 6\\Pemrograman Web\\Tugas Besar\\uas-pemrograman-web-122140122\\frontend\\src\\pages\\Dashboard.jsx","statementMap":{"0":{"start":{"line":7,"column":20},"end":{"line":12,"column":1}},"1":{"start":{"line":14,"column":18},"end":{"line":259,"column":1}},"2":{"start":{"line":15,"column":40},"end":{"line":15,"column":52}},"3":{"start":{"line":16,"column":52},"end":{"line":16,"column":64}},"4":{"start":{"line":17,"column":42},"end":{"line":17,"column":56}},"5":{"start":{"line":18,"column":36},"end":{"line":18,"column":50}},"6":{"start":{"line":19,"column":52},"end":{"line":19,"column":66}},"7":{"start":{"line":20,"column":28},"end":{"line":20,"column":42}},"8":{"start":{"line":22,"column":36},"end":{"line":22,"column":50}},"9":{"start":{"line":24,"column":2},"end":{"line":36,"column":30}},"10":{"start":{"line":26,"column":4},"end":{"line":26,"column":81}},"11":{"start":{"line":29,"column":4},"end":{"line":35,"column":5}},"12":{"start":{"line":30,"column":6},"end":{"line":30,"column":25}},"13":{"start":{"line":31,"column":6},"end":{"line":31,"column":23}},"14":{"start":{"line":33,"column":6},"end":{"line":33,"column":26}},"15":{"start":{"line":34,"column":6},"end":{"line":34,"column":34}},"16":{"start":{"line":37,"column":29},"end":{"line":49,"column":3}},"17":{"start":{"line":38,"column":4},"end":{"line":38,"column":23}},"18":{"start":{"line":39,"column":4},"end":{"line":39,"column":19}},"19":{"start":{"line":40,"column":4},"end":{"line":48,"column":5}},"20":{"start":{"line":42,"column":23},"end":{"line":42,"column":68}},"21":{"start":{"line":43,"column":6},"end":{"line":43,"column":36}},"22":{"start":{"line":44,"column":6},"end":{"line":44,"column":57}},"23":{"start":{"line":45,"column":6},"end":{"line":45,"column":73}},"24":{"start":{"line":47,"column":6},"end":{"line":47,"column":26}},"25":{"start":{"line":50,"column":27},"end":{"line":67,"column":3}},"26":{"start":{"line":51,"column":4},"end":{"line":51,"column":31}},"27":{"start":{"line":52,"column":4},"end":{"line":66,"column":5}},"28":{"start":{"line":54,"column":23},"end":{"line":54,"column":70}},"29":{"start":{"line":56,"column":27},"end":{"line":59,"column":20}},"30":{"start":{"line":57,"column":28},"end":{"line":57,"column":50}},"31":{"start":{"line":58,"column":24},"end":{"line":58,"column":67}},"32":{"start":{"line":61,"column":6},"end":{"line":61,"column":41}},"33":{"start":{"line":62,"column":6},"end":{"line":62,"column":54}},"34":{"start":{"line":65,"column":6},"end":{"line":65,"column":34}},"35":{"start":{"line":68,"column":23},"end":{"line":79,"column":3}},"36":{"start":{"line":69,"column":4},"end":{"line":78,"column":5}},"37":{"start":{"line":69,"column":69},"end":{"line":77,"column":7}},"38":{"start":{"line":70,"column":8},"end":{"line":70,"column":46}},"39":{"start":{"line":72,"column":8},"end":{"line":72,"column":67}},"40":{"start":{"line":72,"column":50},"end":{"line":72,"column":64}},"41":{"start":{"line":73,"column":8},"end":{"line":73,"column":42}},"42":{"start":{"line":75,"column":8},"end":{"line":75,"column":56}},"43":{"start":{"line":76,"column":8},"end":{"line":76,"column":41}},"44":{"start":{"line":81,"column":2},"end":{"line":91,"column":3}},"45":{"start":{"line":82,"column":4},"end":{"line":90,"column":6}},"46":{"start":{"line":93,"column":2},"end":{"line":258,"column":4}},"47":{"start":{"line":123,"column":18},"end":{"line":128,"column":23}},"48":{"start":{"line":182,"column":18},"end":{"line":214,"column":24}},"49":{"start":{"line":208,"column":39},"end":{"line":208,"column":60}}},"fnMap":{"0":{"name":"(anonymous_0)","decl":{"start":{"line":14,"column":18},"end":{"line":14,"column":19}},"loc":{"start":{"line":14,"column":24},"end":{"line":259,"column":1}},"line":14},"1":{"name":"(anonymous_1)","decl":{"start":{"line":24,"column":12},"end":{"line":24,"column":13}},"loc":{"start":{"line":24,"column":18},"end":{"line":36,"column":3}},"line":24},"2":{"name":"(anonymous_2)","decl":{"start":{"line":37,"column":29},"end":{"line":37,"column":30}},"loc":{"start":{"line":37,"column":41},"end":{"line":49,"column":3}},"line":37},"3":{"name":"(anonymous_3)","decl":{"start":{"line":50,"column":27},"end":{"line":50,"column":28}},"loc":{"start":{"line":50,"column":39},"end":{"line":67,"column":3}},"line":50},"4":{"name":"(anonymous_4)","decl":{"start":{"line":57,"column":16},"end":{"line":57,"column":17}},"loc":{"start":{"line":57,"column":28},"end":{"line":57,"column":50}},"line":57},"5":{"name":"(anonymous_5)","decl":{"start":{"line":58,"column":14},"end":{"line":58,"column":15}},"loc":{"start":{"line":58,"column":24},"end":{"line":58,"column":67}},"line":58},"6":{"name":"(anonymous_6)","decl":{"start":{"line":68,"column":23},"end":{"line":68,"column":24}},"loc":{"start":{"line":68,"column":37},"end":{"line":79,"column":3}},"line":68},"7":{"name":"(anonymous_7)","decl":{"start":{"line":72,"column":42},"end":{"line":72,"column":43}},"loc":{"start":{"line":72,"column":50},"end":{"line":72,"column":64}},"line":72},"8":{"name":"(anonymous_8)","decl":{"start":{"line":122,"column":39},"end":{"line":122,"column":40}},"loc":{"start":{"line":123,"column":18},"end":{"line":128,"column":23}},"line":123},"9":{"name":"(anonymous_9)","decl":{"start":{"line":181,"column":33},"end":{"line":181,"column":34}},"loc":{"start":{"line":182,"column":18},"end":{"line":214,"column":24}},"line":182},"10":{"name":"(anonymous_10)","decl":{"start":{"line":208,"column":33},"end":{"line":208,"column":34}},"loc":{"start":{"line":208,"column":39},"end":{"line":208,"column":60}},"line":208}},"branchMap":{"0":{"loc":{"start":{"line":29,"column":4},"end":{"line":35,"column":5}},"type":"if","locations":[{"start":{"line":29,"column":4},"end":{"line":35,"column":5}},{"start":{"line":32,"column":11},"end":{"line":35,"column":5}}],"line":29},"1":{"loc":{"start":{"line":29,"column":8},"end":{"line":29,"column":31}},"type":"binary-expr","locations":[{"start":{"line":29,"column":8},"end":{"line":29,"column":23}},{"start":{"line":29,"column":27},"end":{"line":29,"column":31}}],"line":29},"2":{"loc":{"start":{"line":69,"column":4},"end":{"line":78,"column":5}},"type":"if","locations":[{"start":{"line":69,"column":4},"end":{"line":78,"column":5}},{"start":{},"end":{}}],"line":69},"3":{"loc":{"start":{"line":81,"column":2},"end":{"line":91,"column":3}},"type":"if","locations":[{"start":{"line":81,"column":2},"end":{"line":91,"column":3}},{"start":{},"end":{}}],"line":81},"4":{"loc":{"start":{"line":96,"column":7},"end":{"line":107,"column":7}},"type":"binary-expr","locations":[{"start":{"line":96,"column":7},"end":{"line":96,"column":19}},{"start":{"line":97,"column":8},"end":{"line":106,"column":18}}],"line":96},"5":{"loc":{"start":{"line":115,"column":13},"end":{"line":133,"column":13}},"type":"cond-expr","locations":[{"start":{"line":116,"column":14},"end":{"line":118,"column":20}},{"start":{"line":119,"column":16},"end":{"line":133,"column":13}}],"line":115},"6":{"loc":{"start":{"line":119,"column":16},"end":{"line":133,"column":13}},"type":"cond-expr","locations":[{"start":{"line":121,"column":14},"end":{"line":130,"column":19}},{"start":{"line":132,"column":14},"end":{"line":132,"column":106}}],"line":119},"7":{"loc":{"start":{"line":154,"column":13},"end":{"line":217,"column":13}},"type":"cond-expr","locations":[{"start":{"line":155,"column":14},"end":{"line":158,"column":20}},{"start":{"line":159,"column":16},"end":{"line":217,"column":13}}],"line":154},"8":{"loc":{"start":{"line":159,"column":16},"end":{"line":217,"column":13}},"type":"cond-expr","locations":[{"start":{"line":160,"column":14},"end":{"line":168,"column":20}},{"start":{"line":169,"column":16},"end":{"line":217,"column":13}}],"line":159},"9":{"loc":{"start":{"line":169,"column":16},"end":{"line":217,"column":13}},"type":"cond-expr","locations":[{"start":{"line":170,"column":14},"end":{"line":178,"column":20}},{"start":{"line":180,"column":14},"end":{"line":216,"column":20}}],"line":169},"10":{"loc":{"start":{"line":186,"column":24},"end":{"line":189,"column":54}},"type":"cond-expr","locations":[{"start":{"line":186,"column":52},"end":{"line":186,"column":81}},{"start":{"line":187,"column":24},"end":{"line":189,"column":54}}],"line":186},"11":{"loc":{"start":{"line":187,"column":24},"end":{"line":189,"column":54}},"type":"cond-expr","locations":[{"start":{"line":187,"column":51},"end":{"line":187,"column":98}},{"start":{"line":188,"column":24},"end":{"line":189,"column":54}}],"line":187},"12":{"loc":{"start":{"line":188,"column":24},"end":{"line":189,"column":54}},"type":"cond-expr","locations":[{"start":{"line":188,"column":50},"end":{"line":188,"column":77}},{"start":{"line":189,"column":24},"end":{"line":189,"column":54}}],"line":188},"13":{"loc":{"start":{"line":193,"column":63},"end":{"line":193,"column":99}},"type":"binary-expr","locations":[{"start":{"line":193,"column":63},"end":{"line":193,"column":75}},{"start":{"line":193,"column":79},"end":{"line":193,"column":99}}],"line":193},"14":{"loc":{"start":{"line":194,"column":23},"end":{"line":198,"column":23}},"type":"binary-expr","locations":[{"start":{"line":194,"column":23},"end":{"line":194,"column":44}},{"start":{"line":195,"column":24},"end":{"line":197,"column":28}}],"line":194}},"s":{"0":1,"1":1,"2":35,"3":34,"4":34,"5":34,"6":34,"7":34,"8":34,"9":34,"10":12,"11":12,"12":11,"13":11,"14":1,"15":1,"16":34,"17":12,"18":12,"19":12,"20":12,"21":9,"22":2,"23":2,"24":11,"25":34,"26":11,"27":11,"28":11,"29":10,"30":2,"31":1,"32":10,"33":0,"34":10,"35":34,"36":0,"37":0,"38":0,"39":0,"40":0,"41":0,"42":0,"43":0,"44":34,"45":2,"46":32,"47":2,"48":3,"49":0},"f":{"0":35,"1":12,"2":12,"3":11,"4":2,"5":1,"6":0,"7":0,"8":2,"9":3,"10":0},"b":{"0":[11,1],"1":[12,11],"2":[0,0],"3":[2,32],"4":[32,21],"5":[22,10],"6":[1,9],"7":[23,9],"8":[2,7],"9":[5,2],"10":[2,1],"11":[1,0],"12":[0,0],"13":[3,1],"14":[3,1]},"_coverageSchema":"1a1c01bbd47fc00a2c39e90264f33305004495a9","hash":"70c2f43fcf96e26ec9f807fecc6a5b0072c89c18"}
,"D:\\Kuliah\\Akademik\\Semester 6\\Pemrograman Web\\Tugas Besar\\uas-pemrograman-web-122140122\\frontend\\src\\pages\\Login.jsx": {"path":"D:\\Kuliah\\Akademik\\Semester 6\\Pemrograman Web\\Tugas Besar\\uas-pemrograman-web-122140122\\frontend\\src\\pages\\Login.jsx","statementMap":{"0":{"start":{"line":6,"column":14},"end":{"line":162,"column":1}},"1":{"start":{"line":7,"column":19},"end":{"line":7,"column":32}},"2":{"start":{"line":8,"column":20},"end":{"line":8,"column":34}},"3":{"start":{"line":10,"column":28},"end":{"line":10,"column":40}},"4":{"start":{"line":11,"column":34},"end":{"line":11,"column":46}},"5":{"start":{"line":12,"column":38},"end":{"line":12,"column":53}},"6":{"start":{"line":13,"column":34},"end":{"line":13,"column":46}},"7":{"start":{"line":14,"column":36},"end":{"line":14,"column":51}},"8":{"start":{"line":15,"column":28},"end":{"line":15,"column":40}},"9":{"start":{"line":17,"column":23},"end":{"line":62,"column":3}},"10":{"start":{"line":18,"column":4},"end":{"line":18,"column":23}},"11":{"start":{"line":19,"column":4},"end":{"line":19,"column":17}},"12":{"start":{"line":20,"column":4},"end":{"line":20,"column":23}},"13":{"start":{"line":22,"column":4},"end":{"line":61,"column":5}},"14":{"start":{"line":24,"column":8},"end":{"line":52,"column":7}},"15":{"start":{"line":26,"column":8},"end":{"line":30,"column":11}},"16":{"start":{"line":33,"column":32},"end":{"line":33,"column":45}},"17":{"start":{"line":34,"column":8},"end":{"line":34,"column":45}},"18":{"start":{"line":35,"column":8},"end":{"line":35,"column":27}},"19":{"start":{"line":37,"column":8},"end":{"line":37,"column":38}},"20":{"start":{"line":38,"column":8},"end":{"line":38,"column":22}},"21":{"start":{"line":41,"column":8},"end":{"line":44,"column":11}},"22":{"start":{"line":46,"column":32},"end":{"line":46,"column":45}},"23":{"start":{"line":47,"column":8},"end":{"line":47,"column":45}},"24":{"start":{"line":48,"column":8},"end":{"line":48,"column":27}},"25":{"start":{"line":50,"column":8},"end":{"line":50,"column":33}},"26":{"start":{"line":51,"column":8},"end":{"line":51,"column":22}},"27":{"start":{"line":54,"column":6},"end":{"line":54,"column":40}},"28":{"start":{"line":55,"column":23},"end":{"line":57,"column":54}},"29":{"start":{"line":58,"column":6},"end":{"line":58,"column":25}},"30":{"start":{"line":60,"column":6},"end":{"line":60,"column":26}},"31":{"start":{"line":64,"column":2},"end":{"line":161,"column":4}},"32":{"start":{"line":88,"column":35},"end":{"line":88,"column":62}},"33":{"start":{"line":105,"column":33},"end":{"line":105,"column":57}},"34":{"start":{"line":119,"column":33},"end":{"line":119,"column":60}},"35":{"start":{"line":151,"column":14},"end":{"line":151,"column":41}},"36":{"start":{"line":152,"column":14},"end":{"line":152,"column":27}}},"fnMap":{"0":{"name":"(anonymous_0)","decl":{"start":{"line":6,"column":14},"end":{"line":6,"column":15}},"loc":{"start":{"line":6,"column":20},"end":{"line":162,"column":1}},"line":6},"1":{"name":"(anonymous_1)","decl":{"start":{"line":17,"column":23},"end":{"line":17,"column":24}},"loc":{"start":{"line":17,"column":36},"end":{"line":62,"column":3}},"line":17},"2":{"name":"(anonymous_2)","decl":{"start":{"line":88,"column":28},"end":{"line":88,"column":29}},"loc":{"start":{"line":88,"column":35},"end":{"line":88,"column":62}},"line":88},"3":{"name":"(anonymous_3)","decl":{"start":{"line":105,"column":26},"end":{"line":105,"column":27}},"loc":{"start":{"line":105,"column":33},"end":{"line":105,"column":57}},"line":105},"4":{"name":"(anonymous_4)","decl":{"start":{"line":119,"column":26},"end":{"line":119,"column":27}},"loc":{"start":{"line":119,"column":33},"end":{"line":119,"column":60}},"line":119},"5":{"name":"(anonymous_5)","decl":{"start":{"line":150,"column":21},"end":{"line":150,"column":22}},"loc":{"start":{"line":150,"column":27},"end":{"line":153,"column":13}},"line":150}},"branchMap":{"0":{"loc":{"start":{"line":24,"column":8},"end":{"line":52,"column":7}},"type":"if","locations":[{"start":{"line":24,"column":8},"end":{"line":52,"column":7}},{"start":{"line":39,"column":13},"end":{"line":52,"column":7}}],"line":24},"1":{"loc":{"start":{"line":55,"column":23},"end":{"line":57,"column":54}},"type":"binary-expr","locations":[{"start":{"line":55,"column":23},"end":{"line":55,"column":48}},{"start":{"line":56,"column":22},"end":{"line":57,"column":54}}],"line":55},"2":{"loc":{"start":{"line":56,"column":31},"end":{"line":56,"column":66}},"type":"cond-expr","locations":[{"start":{"line":56,"column":44},"end":{"line":56,"column":56}},{"start":{"line":56,"column":59},"end":{"line":56,"column":66}}],"line":56},"3":{"loc":{"start":{"line":56,"column":71},"end":{"line":57,"column":52}},"type":"cond-expr","locations":[{"start":{"line":56,"column":107},"end":{"line":56,"column":153}},{"start":{"line":57,"column":24},"end":{"line":57,"column":52}}],"line":56},"4":{"loc":{"start":{"line":69,"column":13},"end":{"line":69,"column":65}},"type":"cond-expr","locations":[{"start":{"line":69,"column":26},"end":{"line":69,"column":42}},{"start":{"line":69,"column":45},"end":{"line":69,"column":65}}],"line":69},"5":{"loc":{"start":{"line":72,"column":13},"end":{"line":72,"column":127}},"type":"cond-expr","locations":[{"start":{"line":72,"column":26},"end":{"line":72,"column":65}},{"start":{"line":72,"column":68},"end":{"line":72,"column":127}}],"line":72},"6":{"loc":{"start":{"line":76,"column":11},"end":{"line":76,"column":93}},"type":"binary-expr","locations":[{"start":{"line":76,"column":11},"end":{"line":76,"column":16}},{"start":{"line":76,"column":20},"end":{"line":76,"column":93}}],"line":76},"7":{"loc":{"start":{"line":77,"column":11},"end":{"line":94,"column":11}},"type":"binary-expr","locations":[{"start":{"line":77,"column":11},"end":{"line":77,"column":21}},{"start":{"line":78,"column":12},"end":{"line":93,"column":18}}],"line":77},"8":{"loc":{"start":{"line":106,"column":149},"end":{"line":106,"column":182}},"type":"cond-expr","locations":[{"start":{"line":106,"column":162},"end":{"line":106,"column":164}},{"start":{"line":106,"column":167},"end":{"line":106,"column":182}}],"line":106},"9":{"loc":{"start":{"line":116,"column":30},"end":{"line":116,"column":78}},"type":"cond-expr","locations":[{"start":{"line":116,"column":43},"end":{"line":116,"column":57}},{"start":{"line":116,"column":60},"end":{"line":116,"column":78}}],"line":116},"10":{"loc":{"start":{"line":130,"column":254},"end":{"line":130,"column":302}},"type":"cond-expr","locations":[{"start":{"line":130,"column":266},"end":{"line":130,"column":297}},{"start":{"line":130,"column":300},"end":{"line":130,"column":302}}],"line":130},"11":{"loc":{"start":{"line":132,"column":15},"end":{"line":144,"column":15}},"type":"cond-expr","locations":[{"start":{"line":133,"column":16},"end":{"line":141,"column":19}},{"start":{"line":143,"column":16},"end":{"line":143,"column":47}}],"line":132},"12":{"loc":{"start":{"line":140,"column":19},"end":{"line":140,"column":59}},"type":"cond-expr","locations":[{"start":{"line":140,"column":32},"end":{"line":140,"column":46}},{"start":{"line":140,"column":49},"end":{"line":140,"column":59}}],"line":140},"13":{"loc":{"start":{"line":143,"column":16},"end":{"line":143,"column":47}},"type":"cond-expr","locations":[{"start":{"line":143,"column":29},"end
[...]
},"end":{"line":106,"column":7}}],"line":94},"6":{"loc":{"start":{"line":94,"column":10},"end":{"line":94,"column":75}},"type":"binary-expr","locations":[{"start":{"line":94,"column":10},"end":{"line":94,"column":34}},{"start":{"line":94,"column":38},"end":{"line":94,"column":75}}],"line":94},"7":{"loc":{"start":{"line":98,"column":13},"end":{"line":106,"column":7}},"type":"if","locations":[{"start":{"line":98,"column":13},"end":{"line":106,"column":7}},{"start":{},"end":{}}],"line":98},"8":{"loc":{"start":{"line":98,"column":17},"end":{"line":98,"column":81}},"type":"binary-expr","locations":[{"start":{"line":98,"column":17},"end":{"line":98,"column":41}},{"start":{"line":98,"column":45},"end":{"line":98,"column":81}}],"line":98},"9":{"loc":{"start":{"line":100,"column":10},"end":{"line":104,"column":11}},"type":"if","locations":[{"start":{"line":100,"column":10},"end":{"line":104,"column":11}},{"start":{},"end":{}}],"line":100},"10":{"loc":{"start":{"line":108,"column":40},"end":{"line":108,"column":84}},"type":"binary-expr","locations":[{"start":{"line":108,"column":40},"end":{"line":108,"column":67}},{"start":{"line":108,"column":71},"end":{"line":108,"column":84}}],"line":108},"11":{"loc":{"start":{"line":113,"column":4},"end":{"line":123,"column":5}},"type":"if","locations":[{"start":{"line":113,"column":4},"end":{"line":123,"column":5}},{"start":{},"end":{}}],"line":113},"12":{"loc":{"start":{"line":121,"column":44},"end":{"line":121,"column":88}},"type":"binary-expr","locations":[{"start":{"line":121,"column":44},"end":{"line":121,"column":71}},{"start":{"line":121,"column":75},"end":{"line":121,"column":88}}],"line":121},"13":{"loc":{"start":{"line":129,"column":38},"end":{"line":129,"column":90}},"type":"cond-expr","locations":[{"start":{"line":129,"column":52},"end":{"line":129,"column":86}},{"start":{"line":129,"column":89},"end":{"line":129,"column":90}}],"line":129},"14":{"loc":{"start":{"line":130,"column":42},"end":{"line":130,"column":84}},"type":"cond-expr","locations":[{"start":{"line":130,"column":57},"end":{"line":130,"column":66}},{"start":{"line":130,"column":69},"end":{"line":130,"column":84}}],"line":130},"15":{"loc":{"start":{"line":133,"column":41},"end":{"line":133,"column":85}},"type":"binary-expr","locations":[{"start":{"line":133,"column":41},"end":{"line":133,"column":68}},{"start":{"line":133,"column":72},"end":{"line":133,"column":85}}],"line":133},"16":{"loc":{"start":{"line":137,"column":2},"end":{"line":147,"column":3}},"type":"if","locations":[{"start":{"line":137,"column":2},"end":{"line":147,"column":3}},{"start":{},"end":{}}],"line":137},"17":{"loc":{"start":{"line":158,"column":13},"end":{"line":178,"column":13}},"type":"cond-expr","locations":[{"start":{"line":159,"column":14},"end":{"line":161,"column":20}},{"start":{"line":163,"column":14},"end":{"line":177,"column":23}}],"line":158},"18":{"loc":{"start":{"line":169,"column":26},"end":{"line":169,"column":53}},"type":"binary-expr","locations":[{"start":{"line":169,"column":26},"end":{"line":169,"column":36}},{"start":{"line":169,"column":40},"end":{"line":169,"column":53}}],"line":169},"19":{"loc":{"start":{"line":208,"column":20},"end":{"line":208,"column":47}},"type":"binary-expr","locations":[{"start":{"line":208,"column":20},"end":{"line":208,"column":30}},{"start":{"line":208,"column":34},"end":{"line":208,"column":47}}],"line":208},"20":{"loc":{"start":{"line":209,"column":261},"end":{"line":209,"column":327}},"type":"cond-expr","locations":[{"start":{"line":209,"column":291},"end":{"line":209,"column":322}},{"start":{"line":209,"column":325},"end":{"line":209,"column":327}}],"line":209},"21":{"loc":{"start":{"line":209,"column":261},"end":{"line":209,"column":288}},"type":"binary-expr","locations":[{"start":{"line":209,"column":261},"end":{"line":209,"column":271}},{"start":{"line":209,"column":275},"end":{"line":209,"column":288}}],"line":209},"22":{"loc":{"start":{"line":211,"column":11},"end":{"line":211,"column":56}},"type":"cond-expr","locations":[{"start":{"line":211,"column":24},"end":{"line":211,"column":38}},{"start":{"line":211,"column":41},"end":{"line":211,"column":56}}],"line":211},"23":{"loc":{"start":{"line":217,"column":9},"end":{"line":271,"column":9}},"type":"cond-expr","locations":[{"start":{"line":218,"column":10},"end":{"line":220,"column":16}},{"start":{"line":221,"column":12},"end":{"line":271,"column":9}}],"line":217},"24":{"loc":{"start":{"line":221,"column":12},"end":{"line":271,"column":9}},"type":"cond-expr","locations":[{"start":{"line":222,"column":10},"end":{"line":230,"column":16}},{"start":{"line":231,"column":12},"end":{"line":271,"column":9}}],"line":221},"25":{"loc":{"start":{"line":231,"column":12},"end":{"line":271,"column":9}},"type":"cond-expr","locations":[{"start":{"line":232,"column":10},"end":{"line":234,"column":16}},{"start":{"line":236,"column":10},"end":{"line":270,"column":15}}],"line":231},"26":{"loc":{"start":{"line":238,"column":221},"end":{"line":238,"column":291}},"type":"cond-expr","locations":[{"start":{"line":238,"column":245},"end":{"line":238,"column":286}},{"start":{"line":238,"column":289},"end":{"line":238,"column":291}}],"line":238},"27":{"loc":{"start":{"line":240,"column":57},"end":{"line":240,"column":139}},"type":"cond-expr","locations":[{"start":{"line":240,"column":81},"end":{"line":240,"column":110}},{"start":{"line":240,"column":113},"end":{"line":240,"column":139}}],"line":240},"28":{"loc":{"start":{"line":246,"column":98},"end":{"line":246,"column":185}},"type":"cond-expr","locations":[{"start":{"line":246,"column":122},"end":{"line":246,"column":151}},{"start":{"line":246,"column":154},"end":{"line":246,"column":185}}],"line":246},"29":{"loc":{"start":{"line":247,"column":29},"end":{"line":247,"column":80}},"type":"cond-expr","locations":[{"start":{"line":247,"column":53},"end":{"line":247,"column":62}},{"start":{"line":247,"column":65},"end":{"line":247,"column":80}}],"line":247},"30":{"loc":{"start":{"line":254,"column":22},"end":{"line":256,"column":109}},"type":"cond-expr","locations":[{"start":{"line":255,"column":24},"end":{"line":255,"column":95}},{"start":{"line":256,"column":24},"end":{"line":256,"column":109}}],"line":254},"31":{"loc":{"start":{"line":259,"column":21},"end":{"line":259,"column":78}},"type":"cond-expr","locations":[{"start":{"line":259,"column":45},"end":{"line":259,"column":59}},{"start":{"line":259,"column":62},"end":{"line":259,"column":78}}],"line":259}},"s":{"0":0,"1":0,"2":0,"3":0,"4":0,"5":0,"6":0,"7":0,"8":0,"9":0,"10":0,"11":0,"12":0,"13":0,"14":0,"15":0,"16":0,"17":0,"18":0,"19":0,"20":0,"21":0,"22":0,"23":0,"24":0,"25":0,"26":0,"27":0,"28":0,"29":0,"30":0,"31":0,"32":0,"33":0,"34":0,"35":0,"36":0,"37":0,"38":0,"39":0,"40":0,"41":0,"42":0,"43":0,"44":0,"45":0,"46":0,"47":0,"48":0,"49":0,"50":0,"51":0,"52":0,"53":0,"54":0,"55":0,"56":0,"57":0,"58":0,"59":0,"60":0,"61":0,"62":0,"63":0,"64":0,"65":0,"66":0,"67":0,"68":0,"69":0,"70":0,"71":0,"72":0,"73":0,"74":0,"75":0,"76":0,"77":0,"78":0,"79":0,"80":0,"81":0,"82":0,"83":0,"84":0,"85":0,"86":0,"87":0,"88":0,"89":0},"f":{"0":0,"1":0,"2":0,"3":0,"4":0,"5":0,"6":0,"7":0,"8":0,"9":0,"10":0,"11":0,"12":0,"13":0,"14":0,"15":0,"16":0,"17":0,"18":0},"b":{"0":[0,0],"1":[0,0],"2":[0,0],"3":[0,0],"4":[0,0],"5":[0,0],"6":[0,0],"7":[0,0],"8":[0,0],"9":[0,0],"10":[0,0],"11":[0,0],"12":[0,0],"13":[0,0],"14":[0,0],"15":[0,0],"16":[0,0],"17":[0,0],"18":[0,0],"19":[0,0],"20":[0,0],"21":[0,0],"22":[0,0],"23":[0,0],"24":[0,0],"25":[0,0],"26":[0,0],"27":[0,0],"28":[0,0],"29":[0,0],"30":[0,0],"31":[0,0]}}
,"D:\\Kuliah\\Akademik\\Semester 6\\Pemrograman Web\\Tugas Besar\\uas-pemrograman-web-122140122\\frontend\\src\\services\\api.js": {"path":"D:\\Kuliah\\Akademik\\Semester 6\\Pemrograman Web\\Tugas Besar\\uas-pemrograman-web-122140122\\frontend\\src\\services\\api.js","statementMap":{"0":{"start":{"line":4,"column":12},"end":{"line":11,"column":2}},"1":{"start":{"line":14,"column":0},"end":{"line":25,"column":2}},"2":{"start":{"line":16,"column":18},"end":{"line":16,"column":47}},"3":{"start":{"line":17,"column":4},"end":{"line":19,"column":5}},"4":{"start":{"line":18,"column":6},"end":{"line":18,"column":55}},"5":{"start":{"line":20,"column":4},"end":{"line":20,"column":18}},"6":{"start":{"line":23,"column":4},"end":{"line":23,"column":33}},"7":{"start":{"line":28,"column":0},"end":{"line":67,"column":2}},"8":{"start":{"line":29,"column":16},"end":{"line":29,"column":24}},"9":{"start":{"line":31,"column":4},"end":{"line":64,"column":5}},"10":{"start":{"line":33,"column":6},"end":{"line":57,"column":7}},"11":{"start":{"line":36,"column":10},"end":{"line":36,"column":43}},"12":{"start":{"line":37,"column":10},"end":{"line":39,"column":11}},"13":{"start":{"line":38,"column":12},"end":{"line":38,"column":44}},"14":{"start":{"line":40,"column":10},"end":{"line":40,"column":16}},"15":{"start":{"line":44,"column":10},"end":{"line":44,"column":66}},"16":{"start":{"line":45,"column":10},"end":{"line":45,"column":16}},"17":{"start":{"line":48,"column":10},"end":{"line":48,"column":68}},"18":{"start":{"line":49,"column":10},"end":{"line":49,"column":16}},"19":{"start":{"line":52,"column":10},"end":{"line":52,"column":62}},"20":{"start":{"line":53,"column":10},"end":{"line":53,"column":16}},"21":{"start":{"line":56,"column":10},"end":{"line":56,"column":59}},"22":{"start":{"line":58,"column":11},"end":{"line":64,"column":5}},"23":{"start":{"line":60,"column":6},"end":{"line":60,"column":71}},"24":{"start":{"line":63,"column":6},"end":{"line":63,"column":64}},"25":{"start":{"line":65,"column":4},"end":{"line":65,"column":33}}},"fnMap":{"0":{"name":"(anonymous_0)","decl":{"start":{"line":15,"column":2},"end":{"line":15,"column":3}},"loc":{"start":{"line":15,"column":14},"end":{"line":21,"column":3}},"line":15},"1":{"name":"(anonymous_1)","decl":{"start":{"line":22,"column":2},"end":{"line":22,"column":3}},"loc":{"start":{"line":22,"column":13},"end":{"line":24,"column":3}},"line":22},"2":{"name":"(anonymous_2)","decl":{"start":{"line":29,"column":2},"end":{"line":29,"column":3}},"loc":{"start":{"line":29,"column":16},"end":{"line":29,"column":24}},"line":29},"3":{"name":"(anonymous_3)","decl":{"start":{"line":30,"column":2},"end":{"line":30,"column":3}},"loc":{"start":{"line":30,"column":13},"end":{"line":66,"column":3}},"line":30}},"branchMap":{"0":{"loc":{"start":{"line":5,"column":11},"end":{"line":5,"column":75}},"type":"binary-expr","locations":[{"start":{"line":5,"column":11},"end":{"line":5,"column":44}},{"start":{"line":5,"column":48},"end":{"line":5,"column":75}}],"line":5},"1":{"loc":{"start":{"line":17,"column":4},"end":{"line":19,"column":5}},"type":"if","locations":[{"start":{"line":17,"column":4},"end":{"line":19,"column":5}},{"start":{},"end":{}}],"line":17},"2":{"loc":{"start":{"line":31,"column":4},"end":{"line":64,"column":5}},"type":"if","locations":[{"start":{"line":31,"column":4},"end":{"line":64,"column":5}},{"start":{"line":58,"column":11},"end":{"line":64,"column":5}}],"line":31},"3":{"loc":{"start":{"line":33,"column":6},"end":{"line":57,"column":7}},"type":"switch","locations":[{"start":{"line":34,"column":8},"end":{"line":40,"column":16}},{"start":{"line":42,"column":8},"end":{"line":45,"column":16}},{"start":{"line":47,"column":8},"end":{"line":49,"column":16}},{"start":{"line":51,"column":8},"end":{"line":53,"column":16}},{"start":{"line":55,"column":8},"end":{"line":56,"column":59}}],"line":33},"4":{"loc":{"start":{"line":37,"column":10},"end":{"line":39,"column":11}},"type":"if","locations":[{"start":{"line":37,"column":10},"end":{"line":39,"column":11}},{"start":{},"end":{}}],"line":37},"5":{"loc":{"start":{"line":58,"column":11},"end":{"line":64,"column":5}},"type":"if","locations":[{"start":{"line":58,"column":11},"end":{"line":64,"column":5}},{"start":{"line":61,"column":11},"end":{"line":64,"column":5}}],"line":58}},"s":{"0":0,"1":0,"2":0,"3":0,"4":0,"5":0,"6":0,"7":0,"8":0,"9":0,"10":0,"11":0,"12":0,"13":0,"14":0,"15":0,"16":0,"17":0,"18":0,"19":0,"20":0,"21":0,"22":0,"23":0,"24":0,"25":0},"f":{"0":0,"1":0,"2":0,"3":0},"b":{"0":[0,0],"1":[0,0],"2":[0,0],"3":[0,0,0,0,0],"4":[0,0],"5":[0,0]}}
,"D:\\Kuliah\\Akademik\\Semester 6\\Pemrograman Web\\Tugas Besar\\uas-pemrograman-web-122140122\\frontend\\src\\services\\quranService.js": {"path":"D:\\Kuliah\\Akademik\\Semester 6\\Pemrograman Web\\Tugas Besar\\uas-pemrograman-web-122140122\\frontend\\src\\services\\quranService.js","statementMap":{"0":{"start":{"line":4,"column":22},"end":{"line":6,"column":2}},"1":{"start":{"line":11,"column":21},"end":{"line":95,"column":1}},"2":{"start":{"line":16,"column":4},"end":{"line":26,"column":5}},"3":{"start":{"line":18,"column":23},"end":{"line":18,"column":56}},"4":{"start":{"line":19,"column":6},"end":{"line":22,"column":8}},"5":{"start":{"line":24,"column":6},"end":{"line":24,"column":72}},"6":{"start":{"line":25,"column":6},"end":{"line":25,"column":18}},"7":{"start":{"line":35,"column":4},"end":{"line":68,"column":5}},"8":{"start":{"line":37,"column":23},"end":{"line":37,"column":117}},"9":{"start":{"line":40,"column":28},"end":{"line":40,"column":49}},"10":{"start":{"line":41,"column":29},"end":{"line":41,"column":50}},"11":{"start":{"line":42,"column":32},"end":{"line":42,"column":53}},"12":{"start":{"line":45,"column":6},"end":{"line":64,"column":8}},"13":{"start":{"line":54,"column":57},"end":{"line":62,"column":9}},"14":{"start":{"line":66,"column":6},"end":{"line":66,"column":82}},"15":{"start":{"line":67,"column":6},"end":{"line":67,"column":18}},"16":{"start":{"line":78,"column":4},"end":{"line":93,"column":5}},"17":{"start":{"line":79,"column":21},"end":{"line":79,"column":70}},"18":{"start":{"line":80,"column":19},"end":{"line":80,"column":81}},"19":{"start":{"line":80,"column":42},"end":{"line":80,"column":80}},"20":{"start":{"line":82,"column":6},"end":{"line":84,"column":7}},"21":{"start":{"line":83,"column":8},"end":{"line":83,"column":80}},"22":{"start":{"line":86,"column":6},"end":{"line":89,"column":8}},"23":{"start":{"line":91,"column":6},"end":{"line":91,"column":60}},"24":{"start":{"line":92,"column":6},"end":{"line":92,"column":18}}},"fnMap":{"0":{"name":"(anonymous_0)","decl":{"start":{"line":15,"column":16},"end":{"line":15,"column":17}},"loc":{"start":{"line":15,"column":28},"end":{"line":27,"column":3}},"line":15},"1":{"name":"(anonymous_1)","decl":{"start":{"line":34,"column":21},"end":{"line":34,"column":22}},"loc":{"start":{"line":34,"column":44},"end":{"line":69,"column":3}},"line":34},"2":{"name":"(anonymous_2)","decl":{"start":{"line":54,"column":39},"end":{"line":54,"column":40}},"loc":{"start":{"line":54,"column":57},"end":{"line":62,"column":9}},"line":54},"3":{"name":"(anonymous_3)","decl":{"start":{"line":77,"column":11},"end":{"line":77,"column":12}},"loc":{"start":{"line":77,"column":46},"end":{"line":94,"column":3}},"line":77},"4":{"name":"(anonymous_4)","decl":{"start":{"line":80,"column":37},"end":{"line":80,"column":38}},"loc":{"start":{"line":80,"column":42},"end":{"line":80,"column":80}},"line":80}},"branchMap":{"0":{"loc":{"start":{"line":82,"column":6},"end":{"line":84,"column":7}},"type":"if","locations":[{"start":{"line":82,"column":6},"end":{"line":84,"column":7}},{"start":{},"end":{}}],"line":82}},"s":{"0":1,"1":1,"2":0,"3":0,"4":0,"5":0,"6":0,"7":0,"8":0,"9":0,"10":0,"11":0,"12":0,"13":0,"14":0,"15":0,"16":0,"17":0,"18":0,"19":0,"20":0,"21":0,"22":0,"23":0,"24":0},"f":{"0":0,"1":0,"2":0,"3":0,"4":0},"b":{"0":[0,0]},"_coverageSchema":"1a1c01bbd47fc00a2c39e90264f33305004495a9","hash":"92bfd681993708aace7b7cf0ec7ce01fd4d47bd7"}
,"D:\\Kuliah\\Akademik\\Semester 6\\Pemrograman Web\\Tugas Besar\\uas-pemrograman-web-122140122\\frontend\\src\\utils\\helpers.js": {"path":"D:\\Kuliah\\Akademik\\Semester 6\\Pemrograman Web\\Tugas Besar\\uas-pemrograman-web-122140122\\frontend\\src\\utils\\helpers.js","statementMap":{"0":{"start":{"line":9,"column":26},"end":{"line":21,"column":1}},"1":{"start":{"line":10,"column":25},"end":{"line":14,"column":3}},"2":{"start":{"line":15,"column":24},"end":{"line":15,"column":57}},"3":{"start":{"line":16,"column":2},"end":{"line":20,"column":3}},"4":{"start":{"line":17,"column":4},"end":{"line":17,"column":75}},"5":{"start":{"line":19,"column":4},"end":{"line":19,"column":22}},"6":{"start":{"line":29,"column":25},"end":{"line":34,"column":1}},"7":{"start":{"line":30,"column":2},"end":{"line":30,"column":43}},"8":{"start":{"line":31,"column":2},"end":{"line":31,"column":17}}},"fnMap":{"0":{"name":"(anonymous_0)","decl":{"start":{"line":9,"column":26},"end":{"line":9,"column":27}},"loc":{"start":{"line":9,"column":51},"end":{"line":21,"column":1}},"line":9},"1":{"name":"(anonymous_1)","decl":{"start":{"line":29,"column":25},"end":{"line":29,"column":26}},"loc":{"start":{"line":29,"column":56},"end":{"line":34,"column":1}},"line":29}},"branchMap":{"0":{"loc":{"start":{"line":29,"column":35},"end":{"line":29,"column":51}},"type":"default-arg","locations":[{"start":{"line":29,"column":42},"end":{"line":29,"column":51}}],"line":29}},"s":{"0":0,"1":0,"2":0,"3":0,"4":0,"5":0,"6":0,"7":0,"8":0},"f":{"0":0,"1":0},"b":{"0":[0]}}
,"D:\\Kuliah\\Akademik\\Semester 6\\Pemrograman Web\\Tugas Besar\\uas-pemrograman-web-122140122\\frontend\\src\\utils\\jwtUtils.js": {"path":"D:\\Kuliah\\Akademik\\Semester 6\\Pemrograman Web\\Tugas Besar\\uas-pemrograman-web-122140122\\frontend\\src\\utils\\jwtUtils.js","statementMap":{"0":{"start":{"line":10,"column":30},"end":{"line":31,"column":1}},"1":{"start":{"line":11,"column":2},"end":{"line":13,"column":3}},"2":{"start":{"line":12,"column":4},"end":{"line":12,"column":16}},"3":{"start":{"line":15,"column":2},"end":{"line":30,"column":3}},"4":{"start":{"line":17,"column":20},"end":{"line":17,"column":57}},"5":{"start":{"line":20,"column":4},"end":{"line":22,"column":5}},"6":{"start":{"line":21,"column":6},"end":{"line":21,"column":18}},"7":{"start":{"line":25,"column":16},"end":{"line":25,"column":45}},"8":{"start":{"line":26,"column":4},"end":{"line":26,"column":29}},"9":{"start":{"line":28,"column":4},"end":{"line":28,"column":53}},"10":{"start":{"line":29,"column":4},"end":{"line":29,"column":16}},"11":{"start":{"line":38,"column":34},"end":{"line":51,"column":1}},"12":{"start":{"line":39,"column":2},"end":{"line":41,"column":3}},"13":{"start":{"line":40,"column":4},"end":{"line":40,"column":16}},"14":{"start":{"line":43,"column":2},"end":{"line":50,"column":3}},"15":{"start":{"line":45,"column":20},"end":{"line":45,"column":57}},"16":{"start":{"line":46,"column":4},"end":{"line":46,"column":27}},"17":{"start":{"line":48,"column":4},"end":{"line":48,"column":53}},"18":{"start":{"line":49,"column":4},"end":{"line":49,"column":16}}},"fnMap":{"0":{"name":"(anonymous_0)","decl":{"start":{"line":10,"column":30},"end":{"line":10,"column":31}},"loc":{"start":{"line":10,"column":41},"end":{"line":31,"column":1}},"line":10},"1":{"name":"(anonymous_1)","decl":{"start":{"line":38,"column":34},"end":{"line":38,"column":35}},"loc":{"start":{"line":38,"column":45},"end":{"line":51,"column":1}},"line":38}},"branchMap":{"0":{"loc":{"start":{"line":11,"column":2},"end":{"line":13,"column":3}},"type":"if","locations":[{"start":{"line":11,"column":2},"end":{"line":13,"column":3}},{"start":{},"end":{}}],"line":11},"1":{"loc":{"start":{"line":20,"column":4},"end":{"line":22,"column":5}},"type":"if","locations":[{"start":{"line":20,"column":4},"end":{"line":22,"column":5}},{"start":{},"end":{}}],"line":20},"2":{"loc":{"start":{"line":39,"column":2},"end":{"line":41,"column":3}},"type":"if","locations":[{"start":{"line":39,"column":2},"end":{"line":41,"column":3}},{"start":{},"end":{}}],"line":39}},"s":{"0":4,"1":0,"2":0,"3":0,"4":0,"5":0,"6":0,"7":0,"8":0,"9":0,"10":0,"11":4,"12":0,"13":0,"14":0,"15":0,"16":0,"17":0,"18":0},"f":{"0":0,"1":0},"b":{"0":[0,0],"1":[0,0],"2":[0,0]},"_coverageSchema":"1a1c01bbd47fc00a2c39e90264f33305004495a9","hash":"6c5274439a0e59c83a8d72a5d487fe57e894f92f"}
}
