TN:
SF:src\App.jsx
FN:24,App
FN:25,(anonymous_1)
FN:27,(anonymous_2)
FNF:3
FNH:0
FNDA:0,App
FNDA:0,(anonymous_1)
FNDA:0,(anonymous_2)
DA:15,0
DA:25,0
DA:27,0
DA:29,0
DA:32,0
LF:5
LH:0
BRF:0
BRH:0
end_of_record
TN:
SF:src\components\AuthCheck.jsx
FN:9,(anonymous_0)
FN:13,(anonymous_1)
FNF:2
FNH:2
FNDA:3,(anonymous_0)
FNDA:3,(anonymous_1)
DA:9,1
DA:10,3
DA:11,3
DA:13,3
DA:15,3
DA:18,3
DA:20,2
DA:23,1
LF:8
LH:8
BRDA:18,0,0,2
BRDA:18,0,1,1
BRF:2
BRH:2
end_of_record
TN:
SF:src\components\Footer.jsx
FN:3,(anonymous_0)
FNF:1
FNH:1
FNDA:1,(anonymous_0)
DA:3,1
DA:4,1
LF:2
LH:2
BRF:0
BRH:0
end_of_record
TN:
SF:src\components\HafalanForm.jsx
FN:9,(anonymous_0)
FN:34,(anonymous_1)
FN:35,(anonymous_2)
FN:36,(anonymous_3)
FN:41,(anonymous_4)
FN:46,(anonymous_5)
FN:50,(anonymous_6)
FN:63,(anonymous_7)
FN:68,(anonymous_8)
FN:69,(anonymous_9)
FN:70,(anonymous_10)
FN:77,(anonymous_11)
FN:79,(anonymous_12)
FN:83,(anonymous_13)
FN:84,(anonymous_14)
FN:91,(anonymous_15)
FN:93,(anonymous_16)
FN:98,(anonymous_17)
FN:100,(anonymous_18)
FN:110,(anonymous_19)
FN:112,(anonymous_20)
FN:117,(anonymous_21)
FN:118,(anonymous_22)
FN:125,(anonymous_23)
FN:127,(anonymous_24)
FN:133,(anonymous_25)
FN:173,(anonymous_26)
FN:183,(anonymous_27)
FN:191,(anonymous_28)
FN:209,(anonymous_29)
FN:263,(anonymous_30)
FN:371,(anonymous_31)
FNF:32
FNH:24
FNDA:40,(anonymous_0)
FNDA:7,(anonymous_1)
FNDA:7,(anonymous_2)
FNDA:7,(anonymous_3)
FNDA:7,(anonymous_4)
FNDA:0,(anonymous_5)
FNDA:7,(anonymous_6)
FNDA:1,(anonymous_7)
FNDA:1,(anonymous_8)
FNDA:1,(anonymous_9)
FNDA:1,(anonymous_10)
FNDA:0,(anonymous_11)
FNDA:0,(anonymous_12)
FNDA:1,(anonymous_13)
FNDA:1,(anonymous_14)
FNDA:7,(anonymous_15)
FNDA:2,(anonymous_16)
FNDA:2,(anonymous_17)
FNDA:2,(anonymous_18)
FNDA:0,(anonymous_19)
FNDA:0,(anonymous_20)
FNDA:2,(anonymous_21)
FNDA:2,(anonymous_22)
FNDA:9,(anonymous_23)
FNDA:9,(anonymous_24)
FNDA:2,(anonymous_25)
FNDA:2,(anonymous_26)
FNDA:2,(anonymous_27)
FNDA:0,(anonymous_28)
FNDA:0,(anonymous_29)
FNDA:52,(anonymous_30)
FNDA:0,(anonymous_31)
DA:9,1
DA:10,40
DA:11,40
DA:12,40
DA:13,40
DA:15,40
DA:23,39
DA:24,39
DA:25,39
DA:31,39
DA:34,39
DA:35,7
DA:36,7
DA:37,7
DA:39,7
DA:40,7
DA:41,7
DA:42,7
DA:45,0
DA:46,0
DA:47,0
DA:50,7
DA:51,7
DA:56,7
DA:59,7
DA:60,7
DA:62,7
DA:63,1
DA:64,1
DA:67,1
DA:69,1
DA:70,1
DA:78,0
DA:79,0
DA:80,0
DA:84,1
DA:85,1
DA:91,39
DA:92,7
DA:93,2
DA:94,2
DA:97,2
DA:99,2
DA:100,2
DA:101,2
DA:111,0
DA:112,0
DA:113,0
DA:118,2
DA:119,2
DA:125,39
DA:126,9
DA:127,9
DA:133,39
DA:134,2
DA:135,2
DA:136,0
DA:137,0
DA:138,0
DA:141,2
DA:144,2
DA:149,2
DA:150,2
DA:161,2
DA:162,2
DA:164,1
DA:165,1
DA:168,1
DA:169,1
DA:173,2
DA:175,0
DA:176,0
DA:177,0
DA:179,2
DA:183,39
DA:184,2
DA:191,39
DA:192,0
DA:196,39
DA:197,4
DA:209,0
DA:217,35
DA:264,52
DA:371,0
LF:84
LH:66
BRDA:62,0,0,1
BRDA:62,0,1,6
BRDA:62,1,0,7
BRDA:62,1,1,1
BRDA:92,2,0,2
BRDA:92,2,1,5
BRDA:105,3,0,2
BRDA:105,3,1,0
BRDA:113,4,0,0
BRDA:113,4,1,0
BRDA:135,5,0,0
BRDA:135,5,1,2
BRDA:135,6,0,2
BRDA:135,6,1,2
BRDA:149,7,0,2
BRDA:149,7,1,0
BRDA:149,8,0,2
BRDA:149,8,1,2
BRDA:162,9,0,1
BRDA:162,9,1,1
BRDA:176,10,0,0
BRDA:176,10,1,0
BRDA:183,11,0,0
BRDA:196,12,0,4
BRDA:196,12,1,35
BRDA:220,13,0,13
BRDA:220,13,1,22
BRDA:223,14,0,0
BRDA:223,14,1,35
BRDA:223,15,0,35
BRDA:223,15,1,8
BRDA:223,15,2,0
BRDA:228,16,0,3
BRDA:228,16,1,32
BRDA:228,17,0,35
BRDA:228,17,1,8
BRDA:246,18,0,32
BRDA:246,18,1,27
BRDA:251,19,0,16
BRDA:251,19,1,16
BRDA:411,20,0,5
BRDA:411,20,1,27
BRDA:414,21,0,10
BRDA:414,21,1,17
BRF:44
BRH:34
end_of_record
TN:
SF:src\components\Layout.jsx
FN:7,(anonymous_0)
FN:23,(anonymous_1)
FN:39,(anonymous_2)
FN:55,(anonymous_3)
FN:79,(anonymous_4)
FN:83,(anonymous_5)
FN:103,(anonymous_6)
FNF:7
FNH:7
FNDA:5,(anonymous_0)
FNDA:5,(anonymous_1)
FNDA:5,(anonymous_2)
FNDA:5,(anonymous_3)
FNDA:5,(anonymous_4)
FNDA:2,(anonymous_5)
FNDA:20,(anonymous_6)
DA:7,1
DA:8,5
DA:23,1
DA:24,5
DA:39,1
DA:40,5
DA:55,1
DA:56,5
DA:72,1
DA:79,1
DA:80,5
DA:81,5
DA:83,5
DA:84,2
DA:87,5
DA:105,20
DA:107,20
LF:17
LH:17
BRDA:98,0,0,1
BRDA:98,0,1,4
BRDA:105,1,0,20
BRDA:105,1,1,15
BRDA:105,1,2,15
BRDA:113,2,0,5
BRDA:113,2,1,15
BRDA:118,3,0,5
BRDA:118,3,1,15
BRDA:119,4,0,5
BRDA:119,4,1,15
BRDA:138,5,0,1
BRDA:138,5,1,4
BRF:13
BRH:13
end_of_record
TN:
SF:src\components\Navbar.jsx
FN:6,(anonymous_0)
FN:22,(anonymous_1)
FN:38,(anonymous_2)
FN:54,(anonymous_3)
FN:70,(anonymous_4)
FN:87,(anonymous_5)
FN:92,(anonymous_6)
FN:97,(anonymous_7)
FN:101,(anonymous_8)
FNF:9
FNH:8
FNDA:4,(anonymous_0)
FNDA:4,(anonymous_1)
FNDA:4,(anonymous_2)
FNDA:4,(anonymous_3)
FNDA:4,(anonymous_4)
FNDA:4,(anonymous_5)
FNDA:1,(anonymous_6)
FNDA:1,(anonymous_7)
FNDA:0,(anonymous_8)
DA:6,1
DA:7,4
DA:22,1
DA:23,4
DA:38,1
DA:39,4
DA:54,1
DA:55,4
DA:70,1
DA:71,4
DA:87,1
DA:88,4
DA:89,4
DA:90,4
DA:92,4
DA:93,1
DA:94,1
DA:97,4
DA:98,1
DA:101,4
DA:102,0
DA:103,0
DA:104,0
DA:105,0
DA:109,4
LF:25
LH:21
BRDA:103,0,0,0
BRDA:103,0,1,0
BRDA:157,1,0,4
BRDA:157,1,1,4
BRDA:157,1,2,4
BRDA:162,2,0,4
BRDA:162,2,1,4
BRDA:167,3,0,4
BRDA:167,3,1,0
BRDA:185,4,0,4
BRDA:185,4,1,0
BRF:11
BRH:7
end_of_record
TN:
SF:src\components\QuranCard.jsx
FN:3,(anonymous_0)
FN:27,(anonymous_1)
FNF:2
FNH:2
FNDA:3,(anonymous_0)
FNDA:1,(anonymous_1)
DA:3,1
DA:4,3
DA:27,1
LF:3
LH:3
BRDA:22,0,0,3
BRDA:22,0,1,1
BRDA:23,1,0,3
BRDA:23,1,1,1
BRF:4
BRH:4
end_of_record
TN:
SF:src\components\SurahCard.jsx
FN:3,(anonymous_0)
FN:7,(anonymous_1)
FNF:2
FNH:2
FNDA:2,(anonymous_0)
FNDA:1,(anonymous_1)
DA:3,1
DA:4,2
DA:7,1
LF:3
LH:3
BRF:0
BRH:0
end_of_record
TN:
SF:src\hooks\useAuth.js
FN:7,(anonymous_0)
FN:12,(anonymous_1)
FN:14,(anonymous_2)
FN:20,(anonymous_3)
FN:38,(anonymous_4)
FN:57,(anonymous_5)
FNF:6
FNH:1
FNDA:4,(anonymous_0)
FNDA:0,(anonymous_1)
FNDA:0,(anonymous_2)
FNDA:0,(anonymous_3)
FNDA:0,(anonymous_4)
FNDA:0,(anonymous_5)
DA:5,4
DA:7,4
DA:12,0
DA:15,0
DA:16,0
DA:21,0
DA:24,0
DA:26,0
DA:27,0
DA:28,0
DA:30,0
DA:34,0
DA:39,0
DA:40,0
DA:43,0
DA:45,0
DA:46,0
DA:48,0
DA:49,0
DA:52,0
DA:57,0
LF:21
LH:2
BRDA:24,0,0,0
BRDA:24,0,1,0
BRDA:24,1,0,0
BRDA:24,1,1,0
BRDA:26,2,0,0
BRDA:26,2,1,0
BRDA:40,3,0,0
BRDA:40,3,1,0
BRDA:40,4,0,0
BRDA:40,4,1,0
BRF:10
BRH:0
end_of_record
TN:
SF:src\pages\Chart.jsx
FN:11,(anonymous_0)
FN:13,(anonymous_1)
FN:21,(anonymous_2)
FN:30,(anonymous_3)
FN:42,(anonymous_4)
FN:52,(anonymous_5)
FN:64,(anonymous_6)
FN:70,(anonymous_7)
FN:85,(anonymous_8)
FN:86,(anonymous_9)
FN:100,(anonymous_10)
FN:103,(anonymous_11)
FN:104,(anonymous_12)
FN:118,(anonymous_13)
FN:121,(anonymous_14)
FN:122,(anonymous_15)
FN:131,(anonymous_16)
FN:141,(anonymous_17)
FN:145,(anonymous_18)
FN:146,(anonymous_19)
FN:150,(anonymous_20)
FN:150,(anonymous_21)
FN:157,(anonymous_22)
FN:166,(anonymous_23)
FN:167,(anonymous_24)
FN:184,(anonymous_25)
FN:203,(anonymous_26)
FN:276,(anonymous_27)
FN:283,(anonymous_28)
FN:286,(anonymous_29)
FNF:30
FNH:0
FNDA:0,(anonymous_0)
FNDA:0,(anonymous_1)
FNDA:0,(anonymous_2)
FNDA:0,(anonymous_3)
FNDA:0,(anonymous_4)
FNDA:0,(anonymous_5)
FNDA:0,(anonymous_6)
FNDA:0,(anonymous_7)
FNDA:0,(anonymous_8)
FNDA:0,(anonymous_9)
FNDA:0,(anonymous_10)
FNDA:0,(anonymous_11)
FNDA:0,(anonymous_12)
FNDA:0,(anonymous_13)
FNDA:0,(anonymous_14)
FNDA:0,(anonymous_15)
FNDA:0,(anonymous_16)
FNDA:0,(anonymous_17)
FNDA:0,(anonymous_18)
FNDA:0,(anonymous_19)
FNDA:0,(anonymous_20)
FNDA:0,(anonymous_21)
FNDA:0,(anonymous_22)
FNDA:0,(anonymous_23)
FNDA:0,(anonymous_24)
FNDA:0,(anonymous_25)
FNDA:0,(anonymous_26)
FNDA:0,(anonymous_27)
FNDA:0,(anonymous_28)
FNDA:0,(anonymous_29)
DA:11,0
DA:12,0
DA:13,0
DA:14,0
DA:15,0
DA:16,0
DA:18,0
DA:21,0
DA:22,0
DA:23,0
DA:24,0
DA:25,0
DA:26,0
DA:27,0
DA:28,0
DA:30,0
DA:31,0
DA:32,0
DA:33,0
DA:34,0
DA:35,0
DA:36,0
DA:37,0
DA:39,0
DA:40,0
DA:42,0
DA:43,0
DA:44,0
DA:45,0
DA:46,0
DA:47,0
DA:48,0
DA:49,0
DA:50,0
DA:52,0
DA:54,0
DA:55,0
DA:56,0
DA:57,0
DA:58,0
DA:59,0
DA:60,0
DA:63,0
DA:65,0
DA:66,0
DA:68,0
DA:72,0
DA:73,0
DA:75,0
DA:76,0
DA:78,0
DA:80,0
DA:85,0
DA:86,0
DA:87,0
DA:89,0
DA:90,0
DA:91,0
DA:93,0
DA:94,0
DA:95,0
DA:100,0
DA:101,0
DA:102,0
DA:103,0
DA:104,0
DA:105,0
DA:106,0
DA:112,0
DA:113,0
DA:118,0
DA:119,0
DA:120,0
DA:121,0
DA:122,0
DA:123,0
DA:124,0
DA:130,0
DA:131,0
DA:132,0
DA:134,0
DA:135,0
DA:136,0
DA:137,0
DA:141,0
DA:142,0
DA:143,0
DA:144,0
DA:145,0
DA:146,0
DA:147,0
DA:148,0
DA:150,0
DA:156,0
DA:157,0
DA:158,0
DA:159,0
DA:163,0
DA:164,0
DA:166,0
DA:167,0
DA:168,0
DA:169,0
DA:172,0
DA:173,0
DA:174,0
DA:175,0
DA:177,0
DA:181,0
DA:184,0
DA:185,0
DA:188,0
DA:189,0
DA:197,0
DA:198,0
DA:203,0
DA:210,0
DA:211,0
DA:219,0
DA:225,0
DA:277,0
DA:278,0
DA:281,0
DA:283,0
DA:286,0
LF:125
LH:0
BRDA:12,0,0,0
BRDA:12,0,1,0
BRDA:14,1,0,0
BRDA:14,1,1,0
BRDA:15,2,0,0
BRDA:15,2,1,0
BRDA:15,3,0,0
BRDA:15,3,1,0
BRDA:15,3,2,0
BRDA:31,4,0,0
BRDA:31,4,1,0
BRDA:31,5,0,0
BRDA:31,5,1,0
BRDA:54,6,0,0
BRDA:54,6,1,0
BRDA:68,7,0,0
BRDA:68,7,1,0
BRDA:93,8,0,0
BRDA:93,8,1,0
BRDA:103,9,0,0
BRDA:103,9,1,0
BRDA:112,10,0,0
BRDA:112,10,1,0
BRDA:121,11,0,0
BRDA:121,11,1,0
BRDA:130,12,0,0
BRDA:130,12,1,0
BRDA:134,13,0,0
BRDA:134,13,1,0
BRDA:134,14,0,0
BRDA:134,14,1,0
BRDA:136,15,0,0
BRDA:136,15,1,0
BRDA:188,16,0,0
BRDA:188,16,1,0
BRDA:197,17,0,0
BRDA:197,17,1,0
BRDA:197,18,0,0
BRDA:197,18,1,0
BRDA:197,18,2,0
BRDA:210,19,0,0
BRDA:210,19,1,0
BRDA:255,20,0,0
BRDA:255,20,1,0
BRDA:255,21,0,0
BRDA:255,21,1,0
BRDA:256,22,0,0
BRDA:256,22,1,0
BRDA:256,23,0,0
BRDA:256,23,1,0
BRDA:257,24,0,0
BRDA:257,24,1,0
BRDA:257,25,0,0
BRDA:257,25,1,0
BRDA:261,26,0,0
BRDA:261,26,1,0
BRDA:278,27,0,0
BRDA:278,27,1,0
BRF:58
BRH:0
end_of_record
TN:
SF:src\pages\Dashboard.jsx
FN:14,(anonymous_0)
FN:24,(anonymous_1)
FN:37,(anonymous_2)
FN:50,(anonymous_3)
FN:57,(anonymous_4)
FN:58,(anonymous_5)
FN:68,(anonymous_6)
FN:72,(anonymous_7)
FN:122,(anonymous_8)
FN:181,(anonymous_9)
FN:208,(anonymous_10)
FNF:11
FNH:8
FNDA:35,(anonymous_0)
FNDA:12,(anonymous_1)
FNDA:12,(anonymous_2)
FNDA:11,(anonymous_3)
FNDA:2,(anonymous_4)
FNDA:1,(anonymous_5)
FNDA:0,(anonymous_6)
FNDA:0,(anonymous_7)
FNDA:2,(anonymous_8)
FNDA:3,(anonymous_9)
FNDA:0,(anonymous_10)
DA:7,1
DA:14,1
DA:15,35
DA:16,34
DA:17,34
DA:18,34
DA:19,34
DA:20,34
DA:22,34
DA:24,34
DA:26,12
DA:29,12
DA:30,11
DA:31,11
DA:33,1
DA:34,1
DA:37,34
DA:38,12
DA:39,12
DA:40,12
DA:42,12
DA:43,9
DA:44,2
DA:45,2
DA:47,11
DA:50,34
DA:51,11
DA:52,11
DA:54,11
DA:56,10
DA:57,2
DA:58,1
DA:61,10
DA:62,0
DA:65,10
DA:68,34
DA:69,0
DA:70,0
DA:72,0
DA:73,0
DA:75,0
DA:76,0
DA:81,34
DA:82,2
DA:93,32
DA:123,2
DA:182,3
DA:208,0
LF:48
LH:40
BRDA:29,0,0,11
BRDA:29,0,1,1
BRDA:29,1,0,12
BRDA:29,1,1,11
BRDA:69,2,0,0
BRDA:69,2,1,0
BRDA:81,3,0,2
BRDA:81,3,1,32
BRDA:96,4,0,32
BRDA:96,4,1,21
BRDA:115,5,0,22
BRDA:115,5,1,10
BRDA:119,6,0,1
BRDA:119,6,1,9
BRDA:154,7,0,23
BRDA:154,7,1,9
BRDA:159,8,0,2
BRDA:159,8,1,7
BRDA:169,9,0,5
BRDA:169,9,1,2
BRDA:186,10,0,2
BRDA:186,10,1,1
BRDA:187,11,0,1
BRDA:187,11,1,0
BRDA:188,12,0,0
BRDA:188,12,1,0
BRDA:193,13,0,3
BRDA:193,13,1,1
BRDA:194,14,0,3
BRDA:194,14,1,1
BRF:30
BRH:25
end_of_record
TN:
SF:src\pages\Login.jsx
FN:6,(anonymous_0)
FN:17,(anonymous_1)
FN:88,(anonymous_2)
FN:105,(anonymous_3)
FN:119,(anonymous_4)
FN:150,(anonymous_5)
FNF:6
FNH:6
FNDA:52,(anonymous_0)
FNDA:7,(anonymous_1)
FNDA:4,(anonymous_2)
FNDA:9,(anonymous_3)
FNDA:9,(anonymous_4)
FNDA:7,(anonymous_5)
DA:6,1
DA:7,52
DA:8,52
DA:10,52
DA:11,52
DA:12,52
DA:13,52
DA:14,52
DA:15,52
DA:17,52
DA:18,7
DA:19,7
DA:20,7
DA:22,7
DA:24,7
DA:26,3
DA:33,1
DA:34,1
DA:35,1
DA:37,1
DA:38,1
DA:41,4
DA:46,2
DA:47,2
DA:48,2
DA:50,2
DA:51,2
DA:54,3
DA:55,3
DA:58,3
DA:60,6
DA:64,52
DA:88,4
DA:105,9
DA:119,9
DA:151,7
DA:152,7
LF:37
LH:37
BRDA:24,0,0,3
BRDA:24,0,1,4
BRDA:55,1,0,3
BRDA:55,1,1,0
BRDA:56,2,0,0
BRDA:56,2,1,0
BRDA:56,3,0,0
BRDA:56,3,1,0
BRDA:69,4,0,23
BRDA:69,4,1,29
BRDA:72,5,0,23
BRDA:72,5,1,29
BRDA:76,6,0,52
BRDA:76,6,1,3
BRDA:77,7,0,52
BRDA:77,7,1,23
BRDA:106,8,0,23
BRDA:106,8,1,29
BRDA:116,9,0,23
BRDA:116,9,1,29
BRDA:130,10,0,7
BRDA:130,10,1,45
BRDA:132,11,0,7
BRDA:132,11,1,45
BRDA:140,12,0,3
BRDA:140,12,1,4
BRDA:143,13,0,20
BRDA:143,13,1,25
BRDA:156,14,0,23
BRDA:156,14,1,29
BRF:30
BRH:25
end_of_record
TN:
SF:src\pages\Quran.jsx
FN:8,(anonymous_0)
FN:23,(anonymous_1)
FN:31,(anonymous_2)
FN:32,(anonymous_3)
FN:48,(anonymous_4)
FN:71,(anonymous_5)
FN:76,(anonymous_6)
FN:84,(anonymous_7)
FN:89,(anonymous_8)
FN:106,(anonymous_9)
FN:143,(anonymous_10)
FN:158,(anonymous_11)
FN:160,(anonymous_12)
FN:164,(anonymous_13)
FN:172,(anonymous_14)
FN:185,(anonymous_15)
FNF:16
FNH:0
FNDA:0,(anonymous_0)
FNDA:0,(anonymous_1)
FNDA:0,(anonymous_2)
FNDA:0,(anonymous_3)
FNDA:0,(anonymous_4)
FNDA:0,(anonymous_5)
FNDA:0,(anonymous_6)
FNDA:0,(anonymous_7)
FNDA:0,(anonymous_8)
FNDA:0,(anonymous_9)
FNDA:0,(anonymous_10)
FNDA:0,(anonymous_11)
FNDA:0,(anonymous_12)
FNDA:0,(anonymous_13)
FNDA:0,(anonymous_14)
FNDA:0,(anonymous_15)
DA:8,0
DA:9,0
DA:10,0
DA:11,0
DA:12,0
DA:13,0
DA:14,0
DA:15,0
DA:16,0
DA:23,0
DA:24,0
DA:25,0
DA:26,0
DA:31,0
DA:32,0
DA:33,0
DA:34,0
DA:35,0
DA:36,0
DA:37,0
DA:39,0
DA:40,0
DA:41,0
DA:45,0
DA:48,0
DA:49,0
DA:50,0
DA:51,0
DA:52,0
DA:55,0
DA:56,0
DA:58,0
DA:60,0
DA:61,0
DA:62,0
DA:63,0
DA:65,0
DA:66,0
DA:67,0
DA:71,0
DA:73,0
DA:76,0
DA:77,0
DA:84,0
DA:85,0
DA:89,0
DA:90,0
DA:95,0
DA:106,0
DA:144,0
DA:158,0
DA:160,0
DA:164,0
DA:173,0
DA:185,0
LF:55
LH:0
BRDA:25,0,0,0
BRDA:25,0,1,0
BRDA:49,1,0,0
BRDA:49,1,1,0
BRDA:76,2,0,0
BRDA:90,3,0,0
BRDA:90,3,1,0
BRDA:90,3,2,0
BRDA:141,4,0,0
BRDA:141,4,1,0
BRDA:141,4,2,0
BRDA:143,5,0,0
BRDA:143,5,1,0
BRDA:154,6,0,0
BRDA:154,6,1,0
BRDA:154,6,2,0
BRDA:154,6,3,0
BRF:17
BRH:0
end_of_record
TN:
SF:src\pages\Reminder.jsx
FN:7,(anonymous_0)
FN:21,(anonymous_1)
FN:31,(anonymous_2)
FN:44,(anonymous_3)
FN:58,(anonymous_4)
FN:72,(anonymous_5)
FN:99,(anonymous_6)
FN:112,(anonymous_7)
FN:117,(anonymous_8)
FN:125,(anonymous_9)
FN:129,(anonymous_10)
FN:142,(anonymous_11)
FN:166,(anonymous_12)
FN:172,(anonymous_13)
FN:186,(anonymous_14)
FN:199,(anonymous_15)
FN:237,(anonymous_16)
FN:252,(anonymous_17)
FN:262,(anonymous_18)
FNF:19
FNH:0
FNDA:0,(anonymous_0)
FNDA:0,(anonymous_1)
FNDA:0,(anonymous_2)
FNDA:0,(anonymous_3)
FNDA:0,(anonymous_4)
FNDA:0,(anonymous_5)
FNDA:0,(anonymous_6)
FNDA:0,(anonymous_7)
FNDA:0,(anonymous_8)
FNDA:0,(anonymous_9)
FNDA:0,(anonymous_10)
FNDA:0,(anonymous_11)
FNDA:0,(anonymous_12)
FNDA:0,(anonymous_13)
FNDA:0,(anonymous_14)
FNDA:0,(anonymous_15)
FNDA:0,(anonymous_16)
FNDA:0,(anonymous_17)
FNDA:0,(anonymous_18)
DA:7,0
DA:8,0
DA:9,0
DA:11,0
DA:12,0
DA:13,0
DA:14,0
DA:15,0
DA:16,0
DA:17,0
DA:18,0
DA:19,0
DA:21,0
DA:22,0
DA:23,0
DA:24,0
DA:26,0
DA:27,0
DA:31,0
DA:32,0
DA:33,0
DA:34,0
DA:35,0
DA:37,0
DA:40,0
DA:44,0
DA:45,0
DA:46,0
DA:47,0
DA:48,0
DA:49,0
DA:51,0
DA:52,0
DA:53,0
DA:55,0
DA:58,0
DA:59,0
DA:61,0
DA:62,0
DA:63,0
DA:66,0
DA:69,0
DA:72,0
DA:73,0
DA:75,0
DA:76,0
DA:83,0
DA:85,0
DA:86,0
DA:89,0
DA:90,0
DA:91,0
DA:94,0
DA:95,0
DA:98,0
DA:99,0
DA:100,0
DA:101,0
DA:107,0
DA:108,0
DA:110,0
DA:112,0
DA:113,0
DA:114,0
DA:116,0
DA:117,0
DA:118,0
DA:120,0
DA:121,0
DA:125,0
DA:126,0
DA:128,0
DA:129,0
DA:130,0
DA:132,0
DA:133,0
DA:137,0
DA:138,0
DA:142,0
DA:149,0
DA:166,0
DA:173,0
DA:186,0
DA:199,0
DA:238,0
DA:252,0
DA:262,0
LF:87
LH:0
BRDA:22,0,0,0
BRDA:22,0,1,0
BRDA:22,1,0,0
BRDA:22,1,1,0
BRDA:35,2,0,0
BRDA:35,2,1,0
BRDA:61,3,0,0
BRDA:61,3,1,0
BRDA:73,4,0,0
BRDA:73,4,1,0
BRDA:94,5,0,0
BRDA:94,5,1,0
BRDA:94,6,0,0
BRDA:94,6,1,0
BRDA:98,7,0,0
BRDA:98,7,1,0
BRDA:98,8,0,0
BRDA:98,8,1,0
BRDA:100,9,0,0
BRDA:100,9,1,0
BRDA:108,10,0,0
BRDA:108,10,1,0
BRDA:113,11,0,0
BRDA:113,11,1,0
BRDA:121,12,0,0
BRDA:121,12,1,0
BRDA:129,13,0,0
BRDA:129,13,1,0
BRDA:130,14,0,0
BRDA:130,14,1,0
BRDA:133,15,0,0
BRDA:133,15,1,0
BRDA:137,16,0,0
BRDA:137,16,1,0
BRDA:158,17,0,0
BRDA:158,17,1,0
BRDA:169,18,0,0
BRDA:169,18,1,0
BRDA:208,19,0,0
BRDA:208,19,1,0
BRDA:209,20,0,0
BRDA:209,20,1,0
BRDA:209,21,0,0
BRDA:209,21,1,0
BRDA:211,22,0,0
BRDA:211,22,1,0
BRDA:217,23,0,0
BRDA:217,23,1,0
BRDA:221,24,0,0
BRDA:221,24,1,0
BRDA:231,25,0,0
BRDA:231,25,1,0
BRDA:238,26,0,0
BRDA:238,26,1,0
BRDA:240,27,0,0
BRDA:240,27,1,0
BRDA:246,28,0,0
BRDA:246,28,1,0
BRDA:247,29,0,0
BRDA:247,29,1,0
BRDA:254,30,0,0
BRDA:254,30,1,0
BRDA:259,31,0,0
BRDA:259,31,1,0
BRF:64
BRH:0
end_of_record
TN:
SF:src\services\api.js
FN:15,(anonymous_0)
FN:22,(anonymous_1)
FN:29,(anonymous_2)
FN:30,(anonymous_3)
FNF:4
FNH:0
FNDA:0,(anonymous_0)
FNDA:0,(anonymous_1)
FNDA:0,(anonymous_2)
FNDA:0,(anonymous_3)
DA:4,0
DA:14,0
DA:16,0
DA:17,0
DA:18,0
DA:20,0
DA:23,0
DA:28,0
DA:29,0
DA:31,0
DA:33,0
DA:36,0
DA:37,0
DA:38,0
DA:40,0
DA:44,0
DA:45,0
DA:48,0
DA:49,0
DA:52,0
DA:53,0
DA:56,0
DA:58,0
DA:60,0
DA:63,0
DA:65,0
LF:26
LH:0
BRDA:5,0,0,0
BRDA:5,0,1,0
BRDA:17,1,0,0
BRDA:17,1,1,0
BRDA:31,2,0,0
BRDA:31,2,1,0
BRDA:33,3,0,0
BRDA:33,3,1,0
BRDA:33,3,2,0
BRDA:33,3,3,0
BRDA:33,3,4,0
BRDA:37,4,0,0
BRDA:37,4,1,0
BRDA:58,5,0,0
BRDA:58,5,1,0
BRF:15
BRH:0
end_of_record
TN:
SF:src\services\quranService.js
FN:15,(anonymous_0)
FN:34,(anonymous_1)
FN:54,(anonymous_2)
FN:77,(anonymous_3)
FN:80,(anonymous_4)
FNF:5
FNH:0
FNDA:0,(anonymous_0)
FNDA:0,(anonymous_1)
FNDA:0,(anonymous_2)
FNDA:0,(anonymous_3)
FNDA:0,(anonymous_4)
DA:4,1
DA:11,1
DA:16,0
DA:18,0
DA:19,0
DA:24,0
DA:25,0
DA:35,0
DA:37,0
DA:40,0
DA:41,0
DA:42,0
DA:45,0
DA:54,0
DA:66,0
DA:67,0
DA:78,0
DA:79,0
DA:80,0
DA:82,0
DA:83,0
DA:86,0
DA:91,0
DA:92,0
LF:24
LH:2
BRDA:82,0,0,0
BRDA:82,0,1,0
BRF:2
BRH:0
end_of_record
TN:
SF:src\utils\helpers.js
FN:9,(anonymous_0)
FN:29,(anonymous_1)
FNF:2
FNH:0
FNDA:0,(anonymous_0)
FNDA:0,(anonymous_1)
DA:9,0
DA:10,0
DA:15,0
DA:16,0
DA:17,0
DA:19,0
DA:29,0
DA:30,0
DA:31,0
LF:9
LH:0
BRDA:29,0,0,0
BRF:1
BRH:0
end_of_record
TN:
SF:src\utils\jwtUtils.js
FN:10,(anonymous_0)
FN:38,(anonymous_1)
FNF:2
FNH:0
FNDA:0,(anonymous_0)
FNDA:0,(anonymous_1)
DA:10,4
DA:11,0
DA:12,0
DA:15,0
DA:17,0
DA:20,0
DA:21,0
DA:25,0
DA:26,0
DA:28,0
DA:29,0
DA:38,4
DA:39,0
DA:40,0
DA:43,0
DA:45,0
DA:46,0
DA:48,0
DA:49,0
LF:19
LH:2
BRDA:11,0,0,0
BRDA:11,0,1,0
BRDA:20,1,0,0
BRDA:20,1,1,0
BRDA:39,2,0,0
BRDA:39,2,1,0
BRF:6
BRH:0
end_of_record
